mode: set
selfchain/x/keyless/simulation/helpers.go:9.84,11.16 2 0
selfchain/x/keyless/simulation/helpers.go:11.16,12.13 1 0
selfchain/x/keyless/simulation/helpers.go:14.2,14.44 1 0
selfchain/x/keyless/crypto/encryption.go:16.48,18.57 2 1
selfchain/x/keyless/crypto/encryption.go:18.57,20.3 1 0
selfchain/x/keyless/crypto/encryption.go:21.2,21.17 1 1
selfchain/x/keyless/crypto/encryption.go:25.67,26.20 1 1
selfchain/x/keyless/crypto/encryption.go:26.20,28.3 1 1
selfchain/x/keyless/crypto/encryption.go:30.2,31.16 2 1
selfchain/x/keyless/crypto/encryption.go:31.16,33.3 1 0
selfchain/x/keyless/crypto/encryption.go:35.2,36.16 2 1
selfchain/x/keyless/crypto/encryption.go:36.16,38.3 1 0
selfchain/x/keyless/crypto/encryption.go:40.2,41.58 2 1
selfchain/x/keyless/crypto/encryption.go:41.58,43.3 1 0
selfchain/x/keyless/crypto/encryption.go:46.2,47.59 2 1
selfchain/x/keyless/crypto/encryption.go:51.68,52.20 1 1
selfchain/x/keyless/crypto/encryption.go:52.20,54.3 1 1
selfchain/x/keyless/crypto/encryption.go:56.2,57.16 2 1
selfchain/x/keyless/crypto/encryption.go:57.16,59.3 1 1
selfchain/x/keyless/crypto/encryption.go:61.2,62.16 2 1
selfchain/x/keyless/crypto/encryption.go:62.16,64.3 1 0
selfchain/x/keyless/crypto/encryption.go:66.2,67.16 2 1
selfchain/x/keyless/crypto/encryption.go:67.16,69.3 1 0
selfchain/x/keyless/crypto/encryption.go:71.2,72.27 2 1
selfchain/x/keyless/crypto/encryption.go:72.27,74.3 1 1
selfchain/x/keyless/crypto/encryption.go:76.2,80.16 4 1
selfchain/x/keyless/crypto/encryption.go:80.16,82.3 1 1
selfchain/x/keyless/crypto/encryption.go:84.2,84.23 1 1
selfchain/x/keyless/crypto/eddsa/conversion.go:20.84,21.21 1 1
selfchain/x/keyless/crypto/eddsa/conversion.go:21.21,23.3 1 1
selfchain/x/keyless/crypto/eddsa/conversion.go:26.2,40.8 6 1
selfchain/x/keyless/crypto/eddsa/conversion.go:44.61,45.26 1 1
selfchain/x/keyless/crypto/eddsa/conversion.go:45.26,47.3 1 1
selfchain/x/keyless/crypto/eddsa/conversion.go:50.2,54.22 3 1
selfchain/x/keyless/crypto/eddsa/conversion.go:54.22,56.3 1 1
selfchain/x/keyless/crypto/eddsa/conversion.go:57.2,61.22 3 1
selfchain/x/keyless/crypto/eddsa/conversion.go:61.22,63.3 1 1
selfchain/x/keyless/crypto/eddsa/conversion.go:64.2,66.23 2 1
selfchain/x/keyless/crypto/eddsa/conversion.go:70.85,72.2 1 1
selfchain/x/keyless/crypto/eddsa/conversion.go:76.92,81.2 4 1
selfchain/x/keyless/crypto/eddsa/converter.go:14.81,16.2 1 0
selfchain/x/keyless/crypto/signing/ecdsa.go:23.86,28.2 1 0
selfchain/x/keyless/crypto/signing/ecdsa.go:31.131,32.30 1 0
selfchain/x/keyless/crypto/signing/ecdsa.go:32.30,34.3 1 0
selfchain/x/keyless/crypto/signing/ecdsa.go:36.2,36.22 1 0
selfchain/x/keyless/crypto/signing/ecdsa.go:36.22,38.3 1 0
selfchain/x/keyless/crypto/signing/ecdsa.go:41.2,60.8 8 0
selfchain/x/keyless/crypto/signing/ecdsa.go:64.135,67.16 2 0
selfchain/x/keyless/crypto/signing/ecdsa.go:67.16,69.3 1 0
selfchain/x/keyless/crypto/signing/ecdsa.go:72.2,82.41 7 0
selfchain/x/keyless/crypto/signing/ecdsa.go:86.107,87.30 1 0
selfchain/x/keyless/crypto/signing/ecdsa.go:87.30,89.3 1 0
selfchain/x/keyless/crypto/signing/ecdsa.go:91.2,91.21 1 0
selfchain/x/keyless/crypto/signing/ecdsa.go:91.21,93.3 1 0
selfchain/x/keyless/crypto/signing/ecdsa.go:95.2,96.42 2 0
selfchain/x/keyless/crypto/signing/ecdsa.go:100.69,101.16 1 0
selfchain/x/keyless/crypto/signing/ecdsa.go:101.16,103.3 1 0
selfchain/x/keyless/crypto/signing/ecdsa.go:106.2,113.35 6 0
selfchain/x/keyless/crypto/signing/ecdsa.go:117.73,119.16 2 0
selfchain/x/keyless/crypto/signing/ecdsa.go:119.16,121.3 1 0
selfchain/x/keyless/crypto/signing/ecdsa.go:124.2,131.24 6 0
selfchain/x/keyless/crypto/signing/eddsa.go:20.70,29.2 2 1
selfchain/x/keyless/crypto/signing/eddsa.go:32.119,33.24 1 1
selfchain/x/keyless/crypto/signing/eddsa.go:33.24,35.3 1 0
selfchain/x/keyless/crypto/signing/eddsa.go:38.2,43.8 2 1
selfchain/x/keyless/crypto/signing/eddsa.go:47.129,48.22 1 1
selfchain/x/keyless/crypto/signing/eddsa.go:48.22,50.3 1 1
selfchain/x/keyless/crypto/signing/eddsa.go:52.2,52.47 1 1
selfchain/x/keyless/crypto/signing/eddsa.go:52.47,54.3 1 1
selfchain/x/keyless/crypto/signing/eddsa.go:57.2,60.62 2 1
selfchain/x/keyless/crypto/signing/eddsa.go:64.101,65.24 1 1
selfchain/x/keyless/crypto/signing/eddsa.go:65.24,67.3 1 0
selfchain/x/keyless/crypto/signing/eddsa.go:69.2,69.21 1 1
selfchain/x/keyless/crypto/signing/eddsa.go:69.21,71.3 1 0
selfchain/x/keyless/crypto/signing/eddsa.go:74.2,74.30 1 1
selfchain/x/keyless/crypto/signing/factory.go:20.40,22.2 1 1
selfchain/x/keyless/crypto/signing/factory.go:25.92,26.28 1 1
selfchain/x/keyless/crypto/signing/factory.go:26.28,28.3 1 1
selfchain/x/keyless/crypto/signing/factory.go:31.2,31.29 1 1
selfchain/x/keyless/crypto/signing/factory.go:31.29,33.3 1 1
selfchain/x/keyless/crypto/signing/factory.go:35.2,36.20 2 1
selfchain/x/keyless/crypto/signing/factory.go:36.20,38.3 1 0
selfchain/x/keyless/crypto/signing/factory.go:40.2,40.21 1 1
selfchain/x/keyless/crypto/signing/factory.go:44.89,45.27 1 1
selfchain/x/keyless/crypto/signing/factory.go:45.27,47.3 1 1
selfchain/x/keyless/crypto/signing/factory.go:50.2,50.54 1 1
selfchain/x/keyless/crypto/signing/factory.go:50.54,52.3 1 1
selfchain/x/keyless/crypto/signing/factory.go:54.2,55.16 2 1
selfchain/x/keyless/crypto/signing/factory.go:55.16,57.3 1 0
selfchain/x/keyless/crypto/signing/factory.go:59.2,59.20 1 1
selfchain/x/keyless/crypto/signing/factory.go:63.114,66.16 2 1
selfchain/x/keyless/crypto/signing/factory.go:66.16,68.3 1 1
selfchain/x/keyless/crypto/signing/factory.go:71.2,72.16 2 1
selfchain/x/keyless/crypto/signing/factory.go:72.16,74.3 1 1
selfchain/x/keyless/crypto/signing/factory.go:77.2,77.37 1 1
selfchain/x/keyless/crypto/signing/factory.go:77.37,79.3 1 0
selfchain/x/keyless/crypto/signing/factory.go:82.2,82.37 1 1
selfchain/x/keyless/crypto/signing/factory.go:82.37,84.3 1 1
selfchain/x/keyless/crypto/signing/factory.go:86.2,86.58 1 1
selfchain/x/keyless/crypto/signing/factory.go:90.164,91.19 1 1
selfchain/x/keyless/crypto/signing/factory.go:92.19,93.56 1 1
selfchain/x/keyless/crypto/signing/factory.go:94.10,95.65 1 1
selfchain/x/keyless/crypto/signing/factory.go:100.162,101.19 1 1
selfchain/x/keyless/crypto/signing/factory.go:101.19,103.3 1 1
selfchain/x/keyless/crypto/signing/factory.go:106.2,106.45 1 1
selfchain/x/keyless/crypto/signing/factory.go:110.195,111.19 1 1
selfchain/x/keyless/crypto/signing/factory.go:111.19,113.3 1 1
selfchain/x/keyless/crypto/signing/factory.go:116.2,116.55 1 1
selfchain/x/keyless/crypto/signing/factory.go:120.140,121.16 1 1
selfchain/x/keyless/crypto/signing/factory.go:121.16,123.3 1 1
selfchain/x/keyless/crypto/signing/factory.go:126.2,126.23 1 1
selfchain/x/keyless/crypto/signing/factory.go:130.147,131.24 1 1
selfchain/x/keyless/crypto/signing/factory.go:131.24,133.3 1 1
selfchain/x/keyless/crypto/signing/factory.go:136.2,137.16 2 1
selfchain/x/keyless/crypto/signing/factory.go:137.16,139.3 1 1
selfchain/x/keyless/crypto/signing/factory.go:142.2,149.8 2 1
selfchain/x/keyless/crypto/signing/utils.go:5.31,6.18 1 1
selfchain/x/keyless/crypto/signing/utils.go:6.18,8.3 1 1
selfchain/x/keyless/crypto/signing/utils.go:9.2,11.15 3 1
selfchain/x/keyless/crypto/signing/ecdsa/signer.go:23.86,28.2 1 1
selfchain/x/keyless/crypto/signing/ecdsa/signer.go:31.131,32.30 1 1
selfchain/x/keyless/crypto/signing/ecdsa/signer.go:32.30,34.3 1 0
selfchain/x/keyless/crypto/signing/ecdsa/signer.go:36.2,36.22 1 1
selfchain/x/keyless/crypto/signing/ecdsa/signer.go:36.22,38.3 1 0
selfchain/x/keyless/crypto/signing/ecdsa/signer.go:40.2,40.23 1 1
selfchain/x/keyless/crypto/signing/ecdsa/signer.go:40.23,42.3 1 0
selfchain/x/keyless/crypto/signing/ecdsa/signer.go:45.2,71.17 17 1
selfchain/x/keyless/crypto/signing/ecdsa/signer.go:71.17,73.3 1 0
selfchain/x/keyless/crypto/signing/ecdsa/signer.go:76.2,104.8 13 1
selfchain/x/keyless/crypto/signing/ecdsa/signer.go:108.135,109.22 1 1
selfchain/x/keyless/crypto/signing/ecdsa/signer.go:109.22,111.3 1 0
selfchain/x/keyless/crypto/signing/ecdsa/signer.go:114.2,115.16 2 1
selfchain/x/keyless/crypto/signing/ecdsa/signer.go:115.16,117.3 1 1
selfchain/x/keyless/crypto/signing/ecdsa/signer.go:120.2,132.41 7 1
selfchain/x/keyless/crypto/signing/ecdsa/signer.go:136.107,137.30 1 0
selfchain/x/keyless/crypto/signing/ecdsa/signer.go:137.30,139.3 1 0
selfchain/x/keyless/crypto/signing/ecdsa/signer.go:141.2,141.21 1 0
selfchain/x/keyless/crypto/signing/ecdsa/signer.go:141.21,143.3 1 0
selfchain/x/keyless/crypto/signing/ecdsa/signer.go:145.2,145.44 1 0
selfchain/x/keyless/crypto/signing/format/format.go:18.68,19.16 1 1
selfchain/x/keyless/crypto/signing/format/format.go:19.16,21.3 1 1
selfchain/x/keyless/crypto/signing/format/format.go:23.2,37.21 9 1
selfchain/x/keyless/crypto/signing/format/format.go:37.21,39.3 1 0
selfchain/x/keyless/crypto/signing/format/format.go:41.2,41.20 1 1
selfchain/x/keyless/crypto/signing/format/format.go:45.66,46.16 1 1
selfchain/x/keyless/crypto/signing/format/format.go:46.16,48.3 1 1
selfchain/x/keyless/crypto/signing/format/format.go:50.2,62.20 8 1
selfchain/x/keyless/crypto/signing/format/format.go:66.67,67.20 1 1
selfchain/x/keyless/crypto/signing/format/format.go:67.20,69.3 1 1
selfchain/x/keyless/crypto/signing/format/format.go:71.2,81.8 4 1
selfchain/x/keyless/crypto/signing/format/format.go:85.65,86.20 1 1
selfchain/x/keyless/crypto/signing/format/format.go:86.20,88.3 1 1
selfchain/x/keyless/crypto/signing/format/format.go:90.2,97.8 3 1
selfchain/x/keyless/crypto/signing/format/format.go:101.66,102.18 1 1
selfchain/x/keyless/crypto/signing/format/format.go:102.18,104.3 1 1
selfchain/x/keyless/crypto/signing/format/format.go:107.2,108.45 2 1
selfchain/x/keyless/crypto/signing/format/format.go:108.45,110.3 1 1
selfchain/x/keyless/crypto/signing/format/format.go:112.2,113.16 2 1
selfchain/x/keyless/crypto/signing/format/format.go:113.16,115.3 1 1
selfchain/x/keyless/crypto/signing/format/format.go:117.2,121.8 1 1
selfchain/x/keyless/crypto/signing/format/format.go:125.68,128.18 1 1
selfchain/x/keyless/crypto/signing/format/format.go:128.18,130.3 1 1
selfchain/x/keyless/crypto/signing/format/format.go:133.2,133.20 1 1
selfchain/x/keyless/crypto/signing/format/format.go:133.20,135.3 1 1
selfchain/x/keyless/crypto/signing/format/format.go:138.2,140.28 3 1
selfchain/x/keyless/crypto/signing/format/format.go:140.28,142.3 1 1
selfchain/x/keyless/crypto/signing/format/format.go:143.2,147.25 3 1
selfchain/x/keyless/crypto/signing/format/format.go:147.25,149.3 1 0
selfchain/x/keyless/crypto/signing/format/format.go:150.2,151.28 2 1
selfchain/x/keyless/crypto/signing/format/format.go:151.28,153.3 1 1
selfchain/x/keyless/crypto/signing/format/format.go:154.2,156.18 2 1
selfchain/x/keyless/crypto/signing/format/format.go:160.63,161.16 1 1
selfchain/x/keyless/crypto/signing/format/format.go:161.16,163.3 1 1
selfchain/x/keyless/crypto/signing/format/format.go:164.2,164.18 1 1
selfchain/x/keyless/crypto/signing/format/format.go:164.18,166.3 1 0
selfchain/x/keyless/crypto/signing/format/format.go:167.2,167.18 1 1
selfchain/x/keyless/crypto/signing/format/format.go:167.18,169.3 1 0
selfchain/x/keyless/crypto/signing/format/format.go:172.2,172.44 1 1
selfchain/x/keyless/crypto/signing/format/format.go:172.44,174.3 1 0
selfchain/x/keyless/crypto/signing/format/format.go:177.2,178.58 2 1
selfchain/x/keyless/crypto/signing/format/format.go:178.58,180.3 1 0
selfchain/x/keyless/crypto/signing/format/format.go:183.2,189.28 5 1
selfchain/x/keyless/crypto/signing/format/format.go:189.28,191.3 1 1
selfchain/x/keyless/crypto/signing/format/format.go:192.2,192.28 1 1
selfchain/x/keyless/crypto/signing/format/format.go:192.28,194.3 1 1
selfchain/x/keyless/crypto/signing/format/format.go:198.2,215.28 12 1
selfchain/x/keyless/crypto/signing/format/format.go:215.28,218.3 2 1
selfchain/x/keyless/crypto/signing/format/format.go:219.2,227.28 7 1
selfchain/x/keyless/crypto/signing/format/format.go:227.28,230.3 2 1
selfchain/x/keyless/crypto/signing/format/format.go:231.2,233.17 2 1
