mode: set
selfchain/x/keyless/client/cli/query.go:12.52,32.2 4 0
selfchain/x/keyless/client/cli/query.go:34.38,39.55 1 0
selfchain/x/keyless/client/cli/query.go:39.55,41.18 2 0
selfchain/x/keyless/client/cli/query.go:41.18,43.5 1 0
selfchain/x/keyless/client/cli/query.go:45.4,49.18 3 0
selfchain/x/keyless/client/cli/query.go:49.18,51.5 1 0
selfchain/x/keyless/client/cli/query.go:53.4,53.36 1 0
selfchain/x/keyless/client/cli/query.go:57.2,58.12 2 0
selfchain/x/keyless/client/cli/query.go:61.38,66.55 1 0
selfchain/x/keyless/client/cli/query.go:66.55,68.18 2 0
selfchain/x/keyless/client/cli/query.go:68.18,70.5 1 0
selfchain/x/keyless/client/cli/query.go:72.4,73.18 2 0
selfchain/x/keyless/client/cli/query.go:73.18,75.5 1 0
selfchain/x/keyless/client/cli/query.go:77.4,81.18 3 0
selfchain/x/keyless/client/cli/query.go:81.18,83.5 1 0
selfchain/x/keyless/client/cli/query.go:85.4,85.36 1 0
selfchain/x/keyless/client/cli/query.go:89.2,91.12 3 0
selfchain/x/keyless/client/cli/query.go:94.41,99.55 1 0
selfchain/x/keyless/client/cli/query.go:99.55,101.18 2 0
selfchain/x/keyless/client/cli/query.go:101.18,103.5 1 0
selfchain/x/keyless/client/cli/query.go:105.4,109.18 3 0
selfchain/x/keyless/client/cli/query.go:109.18,111.5 1 0
selfchain/x/keyless/client/cli/query.go:113.4,113.36 1 0
selfchain/x/keyless/client/cli/query.go:117.2,118.12 2 0
selfchain/x/keyless/client/cli/query_params.go:11.38,16.55 1 0
selfchain/x/keyless/client/cli/query_params.go:16.55,18.18 2 0
selfchain/x/keyless/client/cli/query_params.go:18.18,20.5 1 0
selfchain/x/keyless/client/cli/query_params.go:22.4,25.18 3 0
selfchain/x/keyless/client/cli/query_params.go:25.18,27.5 1 0
selfchain/x/keyless/client/cli/query_params.go:29.4,29.36 1 0
selfchain/x/keyless/client/cli/query_params.go:33.2,35.12 2 0
selfchain/x/keyless/client/cli/tx.go:25.32,41.2 3 0
selfchain/x/keyless/client/cli/tx.go:43.39,48.55 1 0
selfchain/x/keyless/client/cli/tx.go:48.55,50.18 2 0
selfchain/x/keyless/client/cli/tx.go:50.18,52.5 1 0
selfchain/x/keyless/client/cli/tx.go:54.4,61.67 2 0
selfchain/x/keyless/client/cli/tx.go:65.2,66.12 2 0
selfchain/x/keyless/client/cli/tx.go:69.40,74.55 1 0
selfchain/x/keyless/client/cli/tx.go:74.55,76.18 2 0
selfchain/x/keyless/client/cli/tx.go:76.18,78.5 1 0
selfchain/x/keyless/client/cli/tx.go:80.4,88.67 2 0
selfchain/x/keyless/client/cli/tx.go:92.2,93.12 2 0
selfchain/x/keyless/client/cli/tx.go:96.42,101.55 1 0
selfchain/x/keyless/client/cli/tx.go:101.55,103.18 2 0
selfchain/x/keyless/client/cli/tx.go:103.18,105.5 1 0
selfchain/x/keyless/client/cli/tx.go:108.4,109.58 2 0
selfchain/x/keyless/client/cli/tx.go:109.58,111.5 1 0
selfchain/x/keyless/client/cli/tx.go:113.4,120.67 2 0
selfchain/x/keyless/client/cli/tx.go:124.2,125.12 2 0
selfchain/x/keyless/keygen/encryption.go:21.48,26.2 1 0
selfchain/x/keyless/keygen/encryption.go:29.107,32.16 2 0
selfchain/x/keyless/keygen/encryption.go:32.16,34.3 1 0
selfchain/x/keyless/keygen/encryption.go:37.2,38.16 2 0
selfchain/x/keyless/keygen/encryption.go:38.16,40.3 1 0
selfchain/x/keyless/keygen/encryption.go:43.2,44.16 2 0
selfchain/x/keyless/keygen/encryption.go:44.16,46.3 1 0
selfchain/x/keyless/keygen/encryption.go:49.2,54.8 1 0
selfchain/x/keyless/keygen/encryption.go:58.108,61.16 2 0
selfchain/x/keyless/keygen/encryption.go:61.16,63.3 1 0
selfchain/x/keyless/keygen/encryption.go:66.2,67.16 2 0
selfchain/x/keyless/keygen/encryption.go:67.16,69.3 1 0
selfchain/x/keyless/keygen/encryption.go:72.2,73.65 2 0
selfchain/x/keyless/keygen/encryption.go:73.65,75.3 1 0
selfchain/x/keyless/keygen/encryption.go:77.2,77.23 1 0
selfchain/x/keyless/keygen/encryption.go:81.89,85.2 1 0
selfchain/x/keyless/keygen/manager.go:22.62,27.2 1 0
selfchain/x/keyless/keygen/manager.go:30.122,32.39 1 0
selfchain/x/keyless/keygen/manager.go:32.39,34.3 1 0
selfchain/x/keyless/keygen/manager.go:37.2,38.16 2 0
selfchain/x/keyless/keygen/manager.go:38.16,40.3 1 0
selfchain/x/keyless/keygen/manager.go:43.2,44.16 2 0
selfchain/x/keyless/keygen/manager.go:44.16,46.3 1 0
selfchain/x/keyless/keygen/manager.go:49.2,61.16 4 0
selfchain/x/keyless/keygen/manager.go:61.16,63.3 1 0
selfchain/x/keyless/keygen/manager.go:66.2,66.78 1 0
selfchain/x/keyless/keygen/manager.go:66.78,68.3 1 0
selfchain/x/keyless/keygen/manager.go:70.2,74.8 1 0
selfchain/x/keyless/keygen/manager.go:77.103,83.16 4 0
selfchain/x/keyless/keygen/manager.go:83.16,85.3 1 0
selfchain/x/keyless/keygen/manager.go:87.2,87.23 1 0
selfchain/x/keyless/keygen/manager.go:90.123,95.16 3 0
selfchain/x/keyless/keygen/manager.go:95.16,97.3 1 0
selfchain/x/keyless/keygen/manager.go:98.2,102.16 3 0
selfchain/x/keyless/keygen/manager.go:102.16,104.3 1 0
selfchain/x/keyless/keygen/manager.go:105.2,107.20 2 0
selfchain/x/keyless/keygen/manager.go:110.117,111.31 1 0
selfchain/x/keyless/keygen/manager.go:111.31,113.67 2 0
selfchain/x/keyless/keygen/manager.go:113.67,115.4 1 0
selfchain/x/keyless/keygen/manager.go:117.2,117.12 1 0
selfchain/x/keyless/keygen/rotation.go:19.97,24.2 1 0
selfchain/x/keyless/keygen/rotation.go:27.91,30.16 2 0
selfchain/x/keyless/keygen/rotation.go:30.16,32.3 1 0
selfchain/x/keyless/keygen/rotation.go:34.2,35.16 2 0
selfchain/x/keyless/keygen/rotation.go:35.16,37.3 1 0
selfchain/x/keyless/keygen/rotation.go:40.2,47.16 3 0
selfchain/x/keyless/keygen/rotation.go:47.16,49.3 1 0
selfchain/x/keyless/keygen/rotation.go:52.2,52.56 1 0
selfchain/x/keyless/keygen/rotation.go:52.56,54.3 1 0
selfchain/x/keyless/keygen/rotation.go:57.2,57.74 1 0
selfchain/x/keyless/keygen/rotation.go:57.74,59.3 1 0
selfchain/x/keyless/keygen/rotation.go:62.2,64.12 2 0
selfchain/x/keyless/keygen/rotation.go:67.104,71.2 1 0
selfchain/x/keyless/keygen/rotation.go:73.129,77.2 1 0
selfchain/x/keyless/keygen/rotation.go:80.78,81.21 1 0
selfchain/x/keyless/keygen/rotation.go:81.21,83.3 1 0
selfchain/x/keyless/keygen/rotation.go:86.2,86.56 1 0
selfchain/x/keyless/keygen/rotation.go:86.56,88.3 1 0
selfchain/x/keyless/keygen/rotation.go:91.2,91.32 1 0
selfchain/x/keyless/keygen/rotation.go:91.32,93.3 1 0
selfchain/x/keyless/keygen/rotation.go:95.2,95.14 1 0
selfchain/x/keyless/simulation/helpers.go:9.84,11.16 2 0
selfchain/x/keyless/simulation/helpers.go:11.16,12.13 1 0
selfchain/x/keyless/simulation/helpers.go:14.2,14.44 1 0
selfchain/x/keyless/testutil/keeper_helper.go:24.107,26.2 1 0
selfchain/x/keyless/testutil/keeper_helper.go:28.105,30.2 1 0
selfchain/x/keyless/testutil/keeper_helper.go:32.96,34.2 1 0
selfchain/x/keyless/testutil/keeper_helper.go:36.74,38.2 1 0
selfchain/x/keyless/testutil/keeper_helper.go:40.98,42.2 1 0
selfchain/x/keyless/testutil/keeper_helper.go:44.85,46.2 1 0
selfchain/x/keyless/testutil/keeper_helper.go:48.119,50.2 1 0
selfchain/x/keyless/testutil/keeper_helper.go:52.97,54.2 1 0
selfchain/x/keyless/testutil/keeper_helper.go:56.99,58.2 1 0
selfchain/x/keyless/testutil/keeper_helper.go:61.64,98.2 17 0
selfchain/x/keyless/networks/config.go:30.60,31.14 1 0
selfchain/x/keyless/networks/config.go:32.20,33.13 1 0
selfchain/x/keyless/networks/config.go:34.20,35.70 1 0
selfchain/x/keyless/networks/config.go:36.10,37.63 1 0
selfchain/x/keyless/networks/config.go:42.63,47.9 3 0
selfchain/x/keyless/networks/config.go:48.40,49.25 1 0
selfchain/x/keyless/networks/config.go:50.60,51.24 1 0
selfchain/x/keyless/networks/config.go:52.10,53.23 1 0
selfchain/x/keyless/networks/config.go:56.2,57.16 2 0
selfchain/x/keyless/networks/config.go:57.16,59.3 1 0
selfchain/x/keyless/networks/config.go:61.2,66.8 1 0
selfchain/x/keyless/networks/registry.go:81.44,87.2 3 0
selfchain/x/keyless/networks/registry.go:90.55,150.42 2 0
selfchain/x/keyless/networks/registry.go:150.42,152.3 1 0
selfchain/x/keyless/networks/registry.go:156.68,163.2 5 0
selfchain/x/keyless/networks/registry.go:166.101,171.45 4 0
selfchain/x/keyless/networks/registry.go:171.45,173.3 1 0
selfchain/x/keyless/networks/registry.go:174.2,174.74 1 0
selfchain/x/keyless/networks/registry.go:178.57,183.34 4 0
selfchain/x/keyless/networks/registry.go:183.34,185.3 1 0
selfchain/x/keyless/networks/registry.go:186.2,186.17 1 0
selfchain/x/keyless/networks/registry.go:190.92,193.2 2 0
selfchain/x/keyless/networks/registry.go:196.68,198.21 2 0
selfchain/x/keyless/networks/registry.go:198.21,200.3 1 0
selfchain/x/keyless/networks/registry.go:202.2,205.34 3 0
selfchain/x/keyless/networks/supported_networks.go:10.47,65.2 1 0
selfchain/x/keyless/networks/supported_networks.go:68.69,71.21 2 0
selfchain/x/keyless/networks/supported_networks.go:71.21,73.3 1 0
selfchain/x/keyless/networks/supported_networks.go:74.2,77.9 2 0
selfchain/x/keyless/networks/supported_networks.go:78.56,79.30 1 0
selfchain/x/keyless/networks/supported_networks.go:82.2,83.35 2 0
selfchain/x/keyless/networks/supported_networks.go:83.35,85.105 1 0
selfchain/x/keyless/networks/supported_networks.go:85.105,87.4 1 0
selfchain/x/keyless/networks/supported_networks.go:89.2,89.12 1 0
selfchain/x/keyless/testutil/mocks/identity_keeper.go:15.57,19.2 3 0
selfchain/x/keyless/testutil/mocks/identity_keeper.go:21.96,23.36 2 0
selfchain/x/keyless/testutil/mocks/identity_keeper.go:23.36,25.3 1 0
selfchain/x/keyless/testutil/mocks/identity_keeper.go:26.2,26.42 1 0
selfchain/x/keyless/testutil/mocks/identity_keeper.go:29.102,32.2 2 0
selfchain/x/keyless/testutil/mocks/identity_keeper.go:34.93,37.2 2 0
selfchain/x/keyless/testutil/mocks/identity_keeper.go:39.71,42.2 2 0
selfchain/x/keyless/testutil/mocks/identity_keeper.go:44.95,47.2 2 0
selfchain/x/keyless/testutil/mocks/identity_keeper.go:49.82,52.2 2 0
selfchain/x/keyless/testutil/mocks/identity_keeper.go:54.108,57.2 2 0
selfchain/x/keyless/testutil/mocks/identity_keeper.go:59.94,62.2 2 0
selfchain/x/keyless/testutil/mocks/identity_keeper.go:64.88,67.2 2 0
selfchain/x/keyless/testutil/mocks/identity_keeper.go:71.90,74.2 2 0
selfchain/x/keyless/testutil/mocks/identity_keeper.go:76.92,79.2 2 0
selfchain/x/keyless/testutil/mocks/identity_keeper.go:81.77,84.2 2 0
selfchain/x/keyless/testutil/mocks/identity_keeper.go:86.94,89.2 2 0
selfchain/x/keyless/testutil/mocks/identity_keeper.go:91.89,94.2 2 0
selfchain/x/keyless/genesis.go:10.81,13.2 1 1
selfchain/x/keyless/genesis.go:16.74,23.2 3 1
selfchain/x/keyless/module.go:38.62,40.2 1 0
selfchain/x/keyless/module.go:43.37,45.2 1 0
selfchain/x/keyless/module.go:48.72,50.2 1 0
selfchain/x/keyless/module.go:53.76,55.2 1 0
selfchain/x/keyless/module.go:58.75,60.2 1 0
selfchain/x/keyless/module.go:63.118,65.57 2 0
selfchain/x/keyless/module.go:65.57,67.3 1 0
selfchain/x/keyless/module.go:68.2,68.28 1 0
selfchain/x/keyless/module.go:72.98,74.2 1 0
selfchain/x/keyless/module.go:77.51,79.2 1 0
selfchain/x/keyless/module.go:82.52,84.2 1 0
selfchain/x/keyless/module.go:105.13,113.2 1 0
selfchain/x/keyless/module.go:116.63,119.2 2 0
selfchain/x/keyless/module.go:122.66,122.67 0 0
selfchain/x/keyless/module.go:125.114,133.2 4 0
selfchain/x/keyless/module.go:136.89,139.2 2 0
selfchain/x/keyless/module.go:142.44,142.56 1 0
selfchain/x/keyless/module.go:145.74,145.75 0 0
selfchain/x/keyless/module.go:148.92,150.2 1 0
selfchain/x/keyless/module_simulation.go:30.73,32.40 2 0
selfchain/x/keyless/module_simulation.go:32.40,34.3 1 0
selfchain/x/keyless/module_simulation.go:35.2,39.85 2 0
selfchain/x/keyless/module_simulation.go:43.71,43.72 0 0
selfchain/x/keyless/module_simulation.go:46.96,48.2 1 0
selfchain/x/keyless/module_simulation.go:51.102,57.2 2 0
selfchain/x/keyless/module_simulation.go:60.98,64.2 1 0
selfchain/x/keyless/client/cli/query.go:12.52,32.2 4 0
selfchain/x/keyless/client/cli/query.go:34.38,39.55 1 0
selfchain/x/keyless/client/cli/query.go:39.55,41.18 2 0
selfchain/x/keyless/client/cli/query.go:41.18,43.5 1 0
selfchain/x/keyless/client/cli/query.go:45.4,49.18 3 0
selfchain/x/keyless/client/cli/query.go:49.18,51.5 1 0
selfchain/x/keyless/client/cli/query.go:53.4,53.36 1 0
selfchain/x/keyless/client/cli/query.go:57.2,58.12 2 0
selfchain/x/keyless/client/cli/query.go:61.38,66.55 1 0
selfchain/x/keyless/client/cli/query.go:66.55,68.18 2 0
selfchain/x/keyless/client/cli/query.go:68.18,70.5 1 0
selfchain/x/keyless/client/cli/query.go:72.4,73.18 2 0
selfchain/x/keyless/client/cli/query.go:73.18,75.5 1 0
selfchain/x/keyless/client/cli/query.go:77.4,81.18 3 0
selfchain/x/keyless/client/cli/query.go:81.18,83.5 1 0
selfchain/x/keyless/client/cli/query.go:85.4,85.36 1 0
selfchain/x/keyless/client/cli/query.go:89.2,91.12 3 0
selfchain/x/keyless/client/cli/query.go:94.41,99.55 1 0
selfchain/x/keyless/client/cli/query.go:99.55,101.18 2 0
selfchain/x/keyless/client/cli/query.go:101.18,103.5 1 0
selfchain/x/keyless/client/cli/query.go:105.4,109.18 3 0
selfchain/x/keyless/client/cli/query.go:109.18,111.5 1 0
selfchain/x/keyless/client/cli/query.go:113.4,113.36 1 0
selfchain/x/keyless/client/cli/query.go:117.2,118.12 2 0
selfchain/x/keyless/client/cli/query_params.go:11.38,16.55 1 0
selfchain/x/keyless/client/cli/query_params.go:16.55,18.18 2 0
selfchain/x/keyless/client/cli/query_params.go:18.18,20.5 1 0
selfchain/x/keyless/client/cli/query_params.go:22.4,25.18 3 0
selfchain/x/keyless/client/cli/query_params.go:25.18,27.5 1 0
selfchain/x/keyless/client/cli/query_params.go:29.4,29.36 1 0
selfchain/x/keyless/client/cli/query_params.go:33.2,35.12 2 0
selfchain/x/keyless/client/cli/tx.go:25.32,41.2 3 0
selfchain/x/keyless/client/cli/tx.go:43.39,48.55 1 0
selfchain/x/keyless/client/cli/tx.go:48.55,50.18 2 0
selfchain/x/keyless/client/cli/tx.go:50.18,52.5 1 0
selfchain/x/keyless/client/cli/tx.go:54.4,61.67 2 0
selfchain/x/keyless/client/cli/tx.go:65.2,66.12 2 0
selfchain/x/keyless/client/cli/tx.go:69.40,74.55 1 0
selfchain/x/keyless/client/cli/tx.go:74.55,76.18 2 0
selfchain/x/keyless/client/cli/tx.go:76.18,78.5 1 0
selfchain/x/keyless/client/cli/tx.go:80.4,88.67 2 0
selfchain/x/keyless/client/cli/tx.go:92.2,93.12 2 0
selfchain/x/keyless/client/cli/tx.go:96.42,101.55 1 0
selfchain/x/keyless/client/cli/tx.go:101.55,103.18 2 0
selfchain/x/keyless/client/cli/tx.go:103.18,105.5 1 0
selfchain/x/keyless/client/cli/tx.go:108.4,109.58 2 0
selfchain/x/keyless/client/cli/tx.go:109.58,111.5 1 0
selfchain/x/keyless/client/cli/tx.go:113.4,120.67 2 0
selfchain/x/keyless/client/cli/tx.go:124.2,125.12 2 0
selfchain/x/keyless/simulation/helpers.go:9.84,11.16 2 0
selfchain/x/keyless/simulation/helpers.go:11.16,12.13 1 0
selfchain/x/keyless/simulation/helpers.go:14.2,14.44 1 0
selfchain/x/keyless/crypto/encryption.go:16.48,18.57 2 1
selfchain/x/keyless/crypto/encryption.go:18.57,20.3 1 0
selfchain/x/keyless/crypto/encryption.go:21.2,21.17 1 1
selfchain/x/keyless/crypto/encryption.go:25.67,26.20 1 1
selfchain/x/keyless/crypto/encryption.go:26.20,28.3 1 1
selfchain/x/keyless/crypto/encryption.go:30.2,31.16 2 1
selfchain/x/keyless/crypto/encryption.go:31.16,33.3 1 0
selfchain/x/keyless/crypto/encryption.go:35.2,36.16 2 1
selfchain/x/keyless/crypto/encryption.go:36.16,38.3 1 0
selfchain/x/keyless/crypto/encryption.go:40.2,41.58 2 1
selfchain/x/keyless/crypto/encryption.go:41.58,43.3 1 0
selfchain/x/keyless/crypto/encryption.go:46.2,47.59 2 1
selfchain/x/keyless/crypto/encryption.go:51.68,52.20 1 1
selfchain/x/keyless/crypto/encryption.go:52.20,54.3 1 1
selfchain/x/keyless/crypto/encryption.go:56.2,57.16 2 1
selfchain/x/keyless/crypto/encryption.go:57.16,59.3 1 1
selfchain/x/keyless/crypto/encryption.go:61.2,62.16 2 1
selfchain/x/keyless/crypto/encryption.go:62.16,64.3 1 0
selfchain/x/keyless/crypto/encryption.go:66.2,67.16 2 1
selfchain/x/keyless/crypto/encryption.go:67.16,69.3 1 0
selfchain/x/keyless/crypto/encryption.go:71.2,72.27 2 1
selfchain/x/keyless/crypto/encryption.go:72.27,74.3 1 1
selfchain/x/keyless/crypto/encryption.go:76.2,80.16 4 1
selfchain/x/keyless/crypto/encryption.go:80.16,82.3 1 1
selfchain/x/keyless/crypto/encryption.go:84.2,84.23 1 1
selfchain/x/keyless/crypto/signing/ecdsa/signer.go:23.86,28.2 1 1
selfchain/x/keyless/crypto/signing/ecdsa/signer.go:31.131,32.30 1 1
selfchain/x/keyless/crypto/signing/ecdsa/signer.go:32.30,34.3 1 0
selfchain/x/keyless/crypto/signing/ecdsa/signer.go:36.2,36.22 1 1
selfchain/x/keyless/crypto/signing/ecdsa/signer.go:36.22,38.3 1 0
selfchain/x/keyless/crypto/signing/ecdsa/signer.go:40.2,40.23 1 1
selfchain/x/keyless/crypto/signing/ecdsa/signer.go:40.23,42.3 1 0
selfchain/x/keyless/crypto/signing/ecdsa/signer.go:45.2,71.17 17 1
selfchain/x/keyless/crypto/signing/ecdsa/signer.go:71.17,73.3 1 0
selfchain/x/keyless/crypto/signing/ecdsa/signer.go:76.2,104.8 13 1
selfchain/x/keyless/crypto/signing/ecdsa/signer.go:108.135,109.22 1 1
selfchain/x/keyless/crypto/signing/ecdsa/signer.go:109.22,111.3 1 0
selfchain/x/keyless/crypto/signing/ecdsa/signer.go:114.2,115.16 2 1
selfchain/x/keyless/crypto/signing/ecdsa/signer.go:115.16,117.3 1 1
selfchain/x/keyless/crypto/signing/ecdsa/signer.go:120.2,132.41 7 1
selfchain/x/keyless/crypto/signing/ecdsa/signer.go:136.107,137.30 1 0
selfchain/x/keyless/crypto/signing/ecdsa/signer.go:137.30,139.3 1 0
selfchain/x/keyless/crypto/signing/ecdsa/signer.go:141.2,141.21 1 0
selfchain/x/keyless/crypto/signing/ecdsa/signer.go:141.21,143.3 1 0
selfchain/x/keyless/crypto/signing/ecdsa/signer.go:145.2,145.44 1 0
selfchain/x/keyless/crypto/eddsa/conversion.go:20.84,21.21 1 1
selfchain/x/keyless/crypto/eddsa/conversion.go:21.21,23.3 1 1
selfchain/x/keyless/crypto/eddsa/conversion.go:26.2,40.8 6 1
selfchain/x/keyless/crypto/eddsa/conversion.go:44.61,45.26 1 1
selfchain/x/keyless/crypto/eddsa/conversion.go:45.26,47.3 1 1
selfchain/x/keyless/crypto/eddsa/conversion.go:50.2,54.22 3 1
selfchain/x/keyless/crypto/eddsa/conversion.go:54.22,56.3 1 1
selfchain/x/keyless/crypto/eddsa/conversion.go:57.2,61.22 3 1
selfchain/x/keyless/crypto/eddsa/conversion.go:61.22,63.3 1 1
selfchain/x/keyless/crypto/eddsa/conversion.go:64.2,66.23 2 1
selfchain/x/keyless/crypto/eddsa/conversion.go:70.85,72.2 1 1
selfchain/x/keyless/crypto/eddsa/conversion.go:76.92,81.2 4 1
selfchain/x/keyless/crypto/eddsa/converter.go:14.81,16.2 1 0
selfchain/x/keyless/crypto/signing/ecdsa.go:23.86,28.2 1 0
selfchain/x/keyless/crypto/signing/ecdsa.go:31.131,32.30 1 0
selfchain/x/keyless/crypto/signing/ecdsa.go:32.30,34.3 1 0
selfchain/x/keyless/crypto/signing/ecdsa.go:36.2,36.22 1 0
selfchain/x/keyless/crypto/signing/ecdsa.go:36.22,38.3 1 0
selfchain/x/keyless/crypto/signing/ecdsa.go:41.2,60.8 8 0
selfchain/x/keyless/crypto/signing/ecdsa.go:64.135,67.16 2 0
selfchain/x/keyless/crypto/signing/ecdsa.go:67.16,69.3 1 0
selfchain/x/keyless/crypto/signing/ecdsa.go:72.2,82.41 7 0
selfchain/x/keyless/crypto/signing/ecdsa.go:86.107,87.30 1 0
selfchain/x/keyless/crypto/signing/ecdsa.go:87.30,89.3 1 0
selfchain/x/keyless/crypto/signing/ecdsa.go:91.2,91.21 1 0
selfchain/x/keyless/crypto/signing/ecdsa.go:91.21,93.3 1 0
selfchain/x/keyless/crypto/signing/ecdsa.go:95.2,96.42 2 0
selfchain/x/keyless/crypto/signing/ecdsa.go:100.69,101.16 1 0
selfchain/x/keyless/crypto/signing/ecdsa.go:101.16,103.3 1 0
selfchain/x/keyless/crypto/signing/ecdsa.go:106.2,113.35 6 0
selfchain/x/keyless/crypto/signing/ecdsa.go:117.73,119.16 2 0
selfchain/x/keyless/crypto/signing/ecdsa.go:119.16,121.3 1 0
selfchain/x/keyless/crypto/signing/ecdsa.go:124.2,131.24 6 0
selfchain/x/keyless/crypto/signing/eddsa.go:20.70,29.2 2 1
selfchain/x/keyless/crypto/signing/eddsa.go:32.119,33.24 1 1
selfchain/x/keyless/crypto/signing/eddsa.go:33.24,35.3 1 0
selfchain/x/keyless/crypto/signing/eddsa.go:38.2,43.8 2 1
selfchain/x/keyless/crypto/signing/eddsa.go:47.129,48.22 1 1
selfchain/x/keyless/crypto/signing/eddsa.go:48.22,50.3 1 1
selfchain/x/keyless/crypto/signing/eddsa.go:52.2,52.47 1 1
selfchain/x/keyless/crypto/signing/eddsa.go:52.47,54.3 1 1
selfchain/x/keyless/crypto/signing/eddsa.go:57.2,60.62 2 1
selfchain/x/keyless/crypto/signing/eddsa.go:64.101,65.24 1 1
selfchain/x/keyless/crypto/signing/eddsa.go:65.24,67.3 1 0
selfchain/x/keyless/crypto/signing/eddsa.go:69.2,69.21 1 1
selfchain/x/keyless/crypto/signing/eddsa.go:69.21,71.3 1 0
selfchain/x/keyless/crypto/signing/eddsa.go:74.2,74.30 1 1
selfchain/x/keyless/crypto/signing/factory.go:20.40,22.2 1 1
selfchain/x/keyless/crypto/signing/factory.go:25.92,26.28 1 1
selfchain/x/keyless/crypto/signing/factory.go:26.28,28.3 1 1
selfchain/x/keyless/crypto/signing/factory.go:31.2,31.29 1 1
selfchain/x/keyless/crypto/signing/factory.go:31.29,33.3 1 1
selfchain/x/keyless/crypto/signing/factory.go:35.2,36.20 2 1
selfchain/x/keyless/crypto/signing/factory.go:36.20,38.3 1 0
selfchain/x/keyless/crypto/signing/factory.go:40.2,40.21 1 1
selfchain/x/keyless/crypto/signing/factory.go:44.89,45.27 1 1
selfchain/x/keyless/crypto/signing/factory.go:45.27,47.3 1 1
selfchain/x/keyless/crypto/signing/factory.go:50.2,50.54 1 1
selfchain/x/keyless/crypto/signing/factory.go:50.54,52.3 1 1
selfchain/x/keyless/crypto/signing/factory.go:54.2,55.16 2 1
selfchain/x/keyless/crypto/signing/factory.go:55.16,57.3 1 0
selfchain/x/keyless/crypto/signing/factory.go:59.2,59.20 1 1
selfchain/x/keyless/crypto/signing/factory.go:63.114,66.16 2 1
selfchain/x/keyless/crypto/signing/factory.go:66.16,68.3 1 1
selfchain/x/keyless/crypto/signing/factory.go:71.2,72.16 2 1
selfchain/x/keyless/crypto/signing/factory.go:72.16,74.3 1 1
selfchain/x/keyless/crypto/signing/factory.go:77.2,77.37 1 1
selfchain/x/keyless/crypto/signing/factory.go:77.37,79.3 1 0
selfchain/x/keyless/crypto/signing/factory.go:82.2,82.37 1 1
selfchain/x/keyless/crypto/signing/factory.go:82.37,84.3 1 1
selfchain/x/keyless/crypto/signing/factory.go:86.2,86.58 1 1
selfchain/x/keyless/crypto/signing/factory.go:90.164,91.19 1 1
selfchain/x/keyless/crypto/signing/factory.go:92.19,93.56 1 1
selfchain/x/keyless/crypto/signing/factory.go:94.10,95.65 1 1
selfchain/x/keyless/crypto/signing/factory.go:100.162,101.19 1 1
selfchain/x/keyless/crypto/signing/factory.go:101.19,103.3 1 1
selfchain/x/keyless/crypto/signing/factory.go:106.2,106.45 1 1
selfchain/x/keyless/crypto/signing/factory.go:110.195,111.19 1 1
selfchain/x/keyless/crypto/signing/factory.go:111.19,113.3 1 1
selfchain/x/keyless/crypto/signing/factory.go:116.2,116.55 1 1
selfchain/x/keyless/crypto/signing/factory.go:120.140,121.16 1 1
selfchain/x/keyless/crypto/signing/factory.go:121.16,123.3 1 1
selfchain/x/keyless/crypto/signing/factory.go:126.2,126.23 1 1
selfchain/x/keyless/crypto/signing/factory.go:130.147,131.24 1 1
selfchain/x/keyless/crypto/signing/factory.go:131.24,133.3 1 1
selfchain/x/keyless/crypto/signing/factory.go:136.2,137.16 2 1
selfchain/x/keyless/crypto/signing/factory.go:137.16,139.3 1 1
selfchain/x/keyless/crypto/signing/factory.go:142.2,149.8 2 1
selfchain/x/keyless/crypto/signing/utils.go:5.31,6.18 1 1
selfchain/x/keyless/crypto/signing/utils.go:6.18,8.3 1 1
selfchain/x/keyless/crypto/signing/utils.go:9.2,11.15 3 1
selfchain/x/keyless/crypto/signing/format/format.go:18.68,19.16 1 1
selfchain/x/keyless/crypto/signing/format/format.go:19.16,21.3 1 1
selfchain/x/keyless/crypto/signing/format/format.go:23.2,37.21 9 1
selfchain/x/keyless/crypto/signing/format/format.go:37.21,39.3 1 0
selfchain/x/keyless/crypto/signing/format/format.go:41.2,41.20 1 1
selfchain/x/keyless/crypto/signing/format/format.go:45.66,46.16 1 1
selfchain/x/keyless/crypto/signing/format/format.go:46.16,48.3 1 1
selfchain/x/keyless/crypto/signing/format/format.go:50.2,62.20 8 1
selfchain/x/keyless/crypto/signing/format/format.go:66.67,67.20 1 1
selfchain/x/keyless/crypto/signing/format/format.go:67.20,69.3 1 1
selfchain/x/keyless/crypto/signing/format/format.go:71.2,81.8 4 1
selfchain/x/keyless/crypto/signing/format/format.go:85.65,86.20 1 1
selfchain/x/keyless/crypto/signing/format/format.go:86.20,88.3 1 1
selfchain/x/keyless/crypto/signing/format/format.go:90.2,97.8 3 1
selfchain/x/keyless/crypto/signing/format/format.go:101.66,102.18 1 1
selfchain/x/keyless/crypto/signing/format/format.go:102.18,104.3 1 1
selfchain/x/keyless/crypto/signing/format/format.go:107.2,108.45 2 1
selfchain/x/keyless/crypto/signing/format/format.go:108.45,110.3 1 1
selfchain/x/keyless/crypto/signing/format/format.go:112.2,113.16 2 1
selfchain/x/keyless/crypto/signing/format/format.go:113.16,115.3 1 1
selfchain/x/keyless/crypto/signing/format/format.go:117.2,121.8 1 1
selfchain/x/keyless/crypto/signing/format/format.go:125.68,128.18 1 1
selfchain/x/keyless/crypto/signing/format/format.go:128.18,130.3 1 1
selfchain/x/keyless/crypto/signing/format/format.go:133.2,133.20 1 1
selfchain/x/keyless/crypto/signing/format/format.go:133.20,135.3 1 1
selfchain/x/keyless/crypto/signing/format/format.go:138.2,140.28 3 1
selfchain/x/keyless/crypto/signing/format/format.go:140.28,142.3 1 1
selfchain/x/keyless/crypto/signing/format/format.go:143.2,147.25 3 1
selfchain/x/keyless/crypto/signing/format/format.go:147.25,149.3 1 0
selfchain/x/keyless/crypto/signing/format/format.go:150.2,151.28 2 1
selfchain/x/keyless/crypto/signing/format/format.go:151.28,153.3 1 1
selfchain/x/keyless/crypto/signing/format/format.go:154.2,156.18 2 1
selfchain/x/keyless/crypto/signing/format/format.go:160.63,161.16 1 1
selfchain/x/keyless/crypto/signing/format/format.go:161.16,163.3 1 1
selfchain/x/keyless/crypto/signing/format/format.go:164.2,164.18 1 1
selfchain/x/keyless/crypto/signing/format/format.go:164.18,166.3 1 0
selfchain/x/keyless/crypto/signing/format/format.go:167.2,167.18 1 1
selfchain/x/keyless/crypto/signing/format/format.go:167.18,169.3 1 0
selfchain/x/keyless/crypto/signing/format/format.go:172.2,172.44 1 1
selfchain/x/keyless/crypto/signing/format/format.go:172.44,174.3 1 0
selfchain/x/keyless/crypto/signing/format/format.go:177.2,178.58 2 1
selfchain/x/keyless/crypto/signing/format/format.go:178.58,180.3 1 0
selfchain/x/keyless/crypto/signing/format/format.go:183.2,189.28 5 1
selfchain/x/keyless/crypto/signing/format/format.go:189.28,191.3 1 1
selfchain/x/keyless/crypto/signing/format/format.go:192.2,192.28 1 1
selfchain/x/keyless/crypto/signing/format/format.go:192.28,194.3 1 1
selfchain/x/keyless/crypto/signing/format/format.go:198.2,215.28 12 1
selfchain/x/keyless/crypto/signing/format/format.go:215.28,218.3 2 1
selfchain/x/keyless/crypto/signing/format/format.go:219.2,227.28 7 1
selfchain/x/keyless/crypto/signing/format/format.go:227.28,230.3 2 1
selfchain/x/keyless/crypto/signing/format/format.go:231.2,233.17 2 1
selfchain/x/keyless/keeper/identity.go:22.90,27.12 3 1
selfchain/x/keyless/keeper/identity.go:27.12,29.3 1 0
selfchain/x/keyless/keeper/identity.go:32.2,32.84 1 1
selfchain/x/keyless/keeper/identity.go:32.84,34.3 1 0
selfchain/x/keyless/keeper/identity.go:37.2,37.34 1 1
selfchain/x/keyless/keeper/identity.go:37.34,38.65 1 1
selfchain/x/keyless/keeper/identity.go:38.65,40.4 1 0
selfchain/x/keyless/keeper/identity.go:44.2,44.94 1 1
selfchain/x/keyless/keeper/identity.go:44.94,46.3 1 1
selfchain/x/keyless/keeper/identity.go:49.2,54.17 1 1
selfchain/x/keyless/keeper/identity.go:54.17,56.3 1 0
selfchain/x/keyless/keeper/identity.go:58.2,58.12 1 1
selfchain/x/keyless/keeper/identity.go:62.65,66.2 2 1
selfchain/x/keyless/keeper/keeper.go:38.11,40.23 1 1
selfchain/x/keyless/keeper/keeper.go:40.23,42.3 1 1
selfchain/x/keyless/keeper/keeper.go:44.2,50.3 1 1
selfchain/x/keyless/keeper/keeper.go:54.52,56.2 1 0
selfchain/x/keyless/keeper/keeper.go:59.65,61.2 1 0
selfchain/x/keyless/keeper/keeper.go:64.73,67.21 3 0
selfchain/x/keyless/keeper/keeper.go:67.21,69.3 1 0
selfchain/x/keyless/keeper/keeper.go:70.2,70.23 1 0
selfchain/x/keyless/keeper/keeper.go:74.83,78.2 3 0
selfchain/x/keyless/keeper/keeper.go:81.102,84.12 2 0
selfchain/x/keyless/keeper/keeper.go:84.12,86.3 1 0
selfchain/x/keyless/keeper/keeper.go:87.2,87.22 1 0
selfchain/x/keyless/keeper/keeper.go:91.115,103.16 4 0
selfchain/x/keyless/keeper/keeper.go:103.16,105.3 1 0
selfchain/x/keyless/keeper/keeper.go:107.2,108.12 2 0
selfchain/x/keyless/keeper/msg_server.go:17.54,19.2 1 0
selfchain/x/keyless/keeper/msg_server.go:24.124,32.11 4 0
selfchain/x/keyless/keeper/msg_server.go:32.11,34.3 1 0
selfchain/x/keyless/keeper/msg_server.go:37.2,49.8 3 0
selfchain/x/keyless/keeper/msg_server.go:53.127,60.82 3 0
selfchain/x/keyless/keeper/msg_server.go:60.82,62.3 1 0
selfchain/x/keyless/keeper/msg_server.go:65.2,66.12 2 0
selfchain/x/keyless/keeper/msg_server.go:66.12,68.3 1 0
selfchain/x/keyless/keeper/msg_server.go:71.2,77.8 4 0
selfchain/x/keyless/keeper/msg_server.go:81.133,89.12 4 0
selfchain/x/keyless/keeper/msg_server.go:89.12,91.3 1 0
selfchain/x/keyless/keeper/msg_server.go:94.2,94.70 1 0
selfchain/x/keyless/keeper/msg_server.go:94.70,96.3 1 0
selfchain/x/keyless/keeper/msg_server.go:99.2,100.16 2 0
selfchain/x/keyless/keeper/msg_server.go:100.16,102.3 1 0
selfchain/x/keyless/keeper/msg_server.go:104.2,106.8 1 0
selfchain/x/keyless/keeper/msg_server.go:110.115,118.12 4 0
selfchain/x/keyless/keeper/msg_server.go:118.12,120.3 1 0
selfchain/x/keyless/keeper/msg_server.go:123.2,123.70 1 0
selfchain/x/keyless/keeper/msg_server.go:123.70,125.3 1 0
selfchain/x/keyless/keeper/msg_server.go:128.2,129.45 2 0
selfchain/x/keyless/keeper/msg_server.go:129.45,131.17 2 0
selfchain/x/keyless/keeper/msg_server.go:131.17,133.4 1 0
selfchain/x/keyless/keeper/msg_server.go:134.3,134.50 1 0
selfchain/x/keyless/keeper/msg_server.go:137.2,139.8 1 0
selfchain/x/keyless/keeper/msg_server.go:143.145,151.12 4 0
selfchain/x/keyless/keeper/msg_server.go:151.12,153.3 1 0
selfchain/x/keyless/keeper/msg_server.go:156.2,156.72 1 0
selfchain/x/keyless/keeper/msg_server.go:156.72,158.3 1 0
selfchain/x/keyless/keeper/msg_server.go:161.2,162.16 2 0
selfchain/x/keyless/keeper/msg_server.go:162.16,164.3 1 0
selfchain/x/keyless/keeper/msg_server.go:166.2,169.8 1 0
selfchain/x/keyless/keeper/msg_server.go:173.145,181.12 4 0
selfchain/x/keyless/keeper/msg_server.go:181.12,183.3 1 0
selfchain/x/keyless/keeper/msg_server.go:186.2,186.72 1 0
selfchain/x/keyless/keeper/msg_server.go:186.72,188.3 1 0
selfchain/x/keyless/keeper/msg_server.go:191.2,192.16 2 0
selfchain/x/keyless/keeper/msg_server.go:192.16,194.3 1 0
selfchain/x/keyless/keeper/msg_server.go:196.2,199.8 1 0
selfchain/x/keyless/keeper/msg_server.go:203.139,211.12 4 0
selfchain/x/keyless/keeper/msg_server.go:211.12,213.3 1 0
selfchain/x/keyless/keeper/msg_server.go:216.2,216.72 1 0
selfchain/x/keyless/keeper/msg_server.go:216.72,218.3 1 0
selfchain/x/keyless/keeper/msg_server.go:221.2,222.16 2 0
selfchain/x/keyless/keeper/msg_server.go:222.16,224.3 1 0
selfchain/x/keyless/keeper/msg_server.go:226.2,228.8 1 0
selfchain/x/keyless/keeper/pagination.go:13.32,16.16 2 0
selfchain/x/keyless/keeper/pagination.go:16.16,18.3 1 0
selfchain/x/keyless/keeper/pagination.go:20.2,20.21 1 0
selfchain/x/keyless/keeper/params.go:9.66,12.15 3 1
selfchain/x/keyless/keeper/params.go:12.15,14.3 1 1
selfchain/x/keyless/keeper/params.go:16.2,17.15 2 1
selfchain/x/keyless/keeper/params.go:21.65,25.2 3 1
selfchain/x/keyless/keeper/params.go:28.55,30.2 1 0
selfchain/x/keyless/keeper/params.go:33.57,35.2 1 0
selfchain/x/keyless/keeper/params.go:38.61,40.2 1 0
selfchain/x/keyless/keeper/params.go:43.57,45.2 1 0
selfchain/x/keyless/keeper/params.go:48.60,50.2 1 0
selfchain/x/keyless/keeper/query.go:17.110,18.16 1 1
selfchain/x/keyless/keeper/query.go:18.16,20.3 1 0
selfchain/x/keyless/keeper/query.go:21.2,23.66 2 1
selfchain/x/keyless/keeper/query.go:27.110,28.16 1 0
selfchain/x/keyless/keeper/query.go:28.16,30.3 1 0
selfchain/x/keyless/keeper/query.go:31.2,31.23 1 0
selfchain/x/keyless/keeper/query.go:31.23,33.3 1 0
selfchain/x/keyless/keeper/query.go:35.2,38.15 4 0
selfchain/x/keyless/keeper/query.go:38.15,40.3 1 0
selfchain/x/keyless/keeper/query.go:42.2,46.8 3 0
selfchain/x/keyless/keeper/query.go:50.113,51.16 1 0
selfchain/x/keyless/keeper/query.go:51.16,53.3 1 0
selfchain/x/keyless/keeper/query.go:55.2,60.95 5 0
selfchain/x/keyless/keeper/query.go:60.95,62.57 2 0
selfchain/x/keyless/keeper/query.go:62.57,64.4 1 0
selfchain/x/keyless/keeper/query.go:66.3,67.13 2 0
selfchain/x/keyless/keeper/query.go:70.2,70.16 1 0
selfchain/x/keyless/keeper/query.go:70.16,72.3 1 0
selfchain/x/keyless/keeper/query.go:74.2,77.8 1 0
selfchain/x/keyless/keeper/query.go:81.119,82.16 1 0
selfchain/x/keyless/keeper/query.go:82.16,84.3 1 0
selfchain/x/keyless/keeper/query.go:85.2,85.29 1 0
selfchain/x/keyless/keeper/query.go:85.29,87.3 1 0
selfchain/x/keyless/keeper/query.go:89.2,92.15 4 0
selfchain/x/keyless/keeper/query.go:92.15,94.3 1 0
selfchain/x/keyless/keeper/query.go:96.2,101.8 3 0
selfchain/x/keyless/keeper/query.go:105.125,106.16 1 0
selfchain/x/keyless/keeper/query.go:106.16,108.3 1 0
selfchain/x/keyless/keeper/query.go:109.2,109.24 1 0
selfchain/x/keyless/keeper/query.go:109.24,111.3 1 0
selfchain/x/keyless/keeper/query.go:113.2,117.15 5 0
selfchain/x/keyless/keeper/query.go:117.15,119.3 1 0
selfchain/x/keyless/keeper/query.go:121.2,125.8 3 0
selfchain/x/keyless/keeper/query.go:129.128,130.16 1 0
selfchain/x/keyless/keeper/query.go:130.16,132.3 1 0
selfchain/x/keyless/keeper/query.go:133.2,133.24 1 0
selfchain/x/keyless/keeper/query.go:133.24,135.3 1 0
selfchain/x/keyless/keeper/query.go:137.2,142.97 5 0
selfchain/x/keyless/keeper/query.go:142.97,144.59 2 0
selfchain/x/keyless/keeper/query.go:144.59,146.4 1 0
selfchain/x/keyless/keeper/query.go:148.3,149.13 2 0
selfchain/x/keyless/keeper/query.go:152.2,152.16 1 0
selfchain/x/keyless/keeper/query.go:152.16,154.3 1 0
selfchain/x/keyless/keeper/query.go:156.2,159.8 1 0
selfchain/x/keyless/keeper/query.go:163.137,164.16 1 0
selfchain/x/keyless/keeper/query.go:164.16,166.3 1 0
selfchain/x/keyless/keeper/query.go:167.2,167.24 1 0
selfchain/x/keyless/keeper/query.go:167.24,169.3 1 0
selfchain/x/keyless/keeper/query.go:171.2,176.94 5 0
selfchain/x/keyless/keeper/query.go:176.94,178.56 2 0
selfchain/x/keyless/keeper/query.go:178.56,180.4 1 0
selfchain/x/keyless/keeper/query.go:183.3,183.37 1 0
selfchain/x/keyless/keeper/query.go:183.37,185.4 1 0
selfchain/x/keyless/keeper/query.go:186.3,186.62 1 0
selfchain/x/keyless/keeper/query.go:186.62,188.4 1 0
selfchain/x/keyless/keeper/query.go:189.3,189.35 1 0
selfchain/x/keyless/keeper/query.go:189.35,191.4 1 0
selfchain/x/keyless/keeper/query.go:193.3,194.13 2 0
selfchain/x/keyless/keeper/query.go:197.2,197.16 1 0
selfchain/x/keyless/keeper/query.go:197.16,199.3 1 0
selfchain/x/keyless/keeper/query.go:201.2,204.8 1 0
selfchain/x/keyless/keeper/recovery.go:14.87,19.12 3 1
selfchain/x/keyless/keeper/recovery.go:19.12,21.3 1 0
selfchain/x/keyless/keeper/recovery.go:24.2,24.101 1 1
selfchain/x/keyless/keeper/recovery.go:24.101,26.3 1 1
selfchain/x/keyless/keeper/recovery.go:29.2,29.75 1 1
selfchain/x/keyless/keeper/recovery.go:29.75,31.3 1 0
selfchain/x/keyless/keeper/recovery.go:34.2,35.16 2 1
selfchain/x/keyless/keeper/recovery.go:35.16,37.3 1 0
selfchain/x/keyless/keeper/recovery.go:40.2,58.41 4 1
selfchain/x/keyless/keeper/recovery.go:58.41,62.3 3 1
selfchain/x/keyless/keeper/recovery.go:64.2,77.12 4 1
selfchain/x/keyless/keeper/rotation.go:18.67,21.2 2 0
selfchain/x/keyless/keeper/rotation.go:24.131,27.12 2 0
selfchain/x/keyless/keeper/rotation.go:27.12,29.3 1 0
selfchain/x/keyless/keeper/rotation.go:32.2,48.22 5 0
selfchain/x/keyless/keeper/rotation.go:52.115,55.12 2 0
selfchain/x/keyless/keeper/rotation.go:55.12,57.3 1 0
selfchain/x/keyless/keeper/rotation.go:60.2,60.34 1 0
selfchain/x/keyless/keeper/rotation.go:60.34,62.3 1 0
selfchain/x/keyless/keeper/rotation.go:65.2,66.12 2 0
selfchain/x/keyless/keeper/rotation.go:66.12,68.3 1 0
selfchain/x/keyless/keeper/rotation.go:71.2,81.22 8 0
selfchain/x/keyless/keeper/rotation.go:85.113,88.12 2 0
selfchain/x/keyless/keeper/rotation.go:88.12,90.3 1 0
selfchain/x/keyless/keeper/rotation.go:93.2,93.34 1 0
selfchain/x/keyless/keeper/rotation.go:93.34,95.3 1 0
selfchain/x/keyless/keeper/rotation.go:98.2,103.22 5 0
selfchain/x/keyless/keeper/rotation.go:107.109,112.15 4 0
selfchain/x/keyless/keeper/rotation.go:112.15,114.3 1 0
selfchain/x/keyless/keeper/rotation.go:116.2,118.24 3 0
selfchain/x/keyless/keeper/rotation.go:122.87,130.42 6 0
selfchain/x/keyless/keeper/rotation.go:130.42,134.3 3 0
selfchain/x/keyless/keeper/rotation.go:136.2,136.18 1 0
selfchain/x/keyless/keeper/rotation.go:140.78,145.2 4 0
selfchain/x/keyless/keeper/storage.go:13.62,16.2 2 0
selfchain/x/keyless/keeper/storage.go:19.73,22.16 3 0
selfchain/x/keyless/keeper/storage.go:22.16,24.3 1 0
selfchain/x/keyless/keeper/storage.go:25.2,26.12 2 0
selfchain/x/keyless/keeper/storage.go:30.78,33.15 3 0
selfchain/x/keyless/keeper/storage.go:33.15,35.3 1 0
selfchain/x/keyless/keeper/storage.go:37.2,38.53 2 0
selfchain/x/keyless/keeper/storage.go:38.53,40.3 1 0
selfchain/x/keyless/keeper/storage.go:41.2,41.21 1 0
selfchain/x/keyless/keeper/storage.go:45.58,48.2 2 0
selfchain/x/keyless/keeper/storage.go:51.94,54.16 3 0
selfchain/x/keyless/keeper/storage.go:54.16,56.3 1 0
selfchain/x/keyless/keeper/storage.go:57.2,58.12 2 0
selfchain/x/keyless/keeper/storage.go:62.90,65.15 3 0
selfchain/x/keyless/keeper/storage.go:65.15,67.3 1 0
selfchain/x/keyless/keeper/storage.go:69.2,70.51 2 0
selfchain/x/keyless/keeper/storage.go:70.51,72.3 1 0
selfchain/x/keyless/keeper/storage.go:73.2,73.19 1 0
selfchain/x/keyless/keeper/storage.go:77.67,80.2 2 0
selfchain/x/keyless/keeper/wallet.go:12.66,16.2 3 0
selfchain/x/keyless/keeper/wallet.go:19.85,22.14 3 0
selfchain/x/keyless/keeper/wallet.go:22.14,24.3 1 0
selfchain/x/keyless/keeper/wallet.go:26.2,28.21 3 0
selfchain/x/keyless/keeper/wallet.go:32.91,34.12 2 0
selfchain/x/keyless/keeper/wallet.go:34.12,36.3 1 0
selfchain/x/keyless/keeper/wallet.go:38.2,38.39 1 0
selfchain/x/keyless/keeper/wallet.go:38.39,39.22 1 0
selfchain/x/keyless/keeper/wallet.go:39.22,41.4 1 0
selfchain/x/keyless/keeper/wallet.go:44.2,44.56 1 0
selfchain/x/keyless/keeper/wallet.go:48.94,52.2 1 0
selfchain/x/keyless/keeper/wallet.go:55.103,62.2 1 0
selfchain/x/keyless/testutil/mocks/identity_keeper.go:15.57,19.2 3 1
selfchain/x/keyless/testutil/mocks/identity_keeper.go:21.96,23.36 2 1
selfchain/x/keyless/testutil/mocks/identity_keeper.go:23.36,25.3 1 1
selfchain/x/keyless/testutil/mocks/identity_keeper.go:26.2,26.42 1 0
selfchain/x/keyless/testutil/mocks/identity_keeper.go:29.102,32.2 2 0
selfchain/x/keyless/testutil/mocks/identity_keeper.go:34.93,37.2 2 1
selfchain/x/keyless/testutil/mocks/identity_keeper.go:39.71,42.2 2 1
selfchain/x/keyless/testutil/mocks/identity_keeper.go:44.95,47.2 2 1
selfchain/x/keyless/testutil/mocks/identity_keeper.go:49.82,52.2 2 1
selfchain/x/keyless/testutil/mocks/identity_keeper.go:54.108,57.2 2 1
selfchain/x/keyless/testutil/mocks/identity_keeper.go:59.94,62.2 2 1
selfchain/x/keyless/testutil/mocks/identity_keeper.go:64.88,67.2 2 1
selfchain/x/keyless/testutil/mocks/identity_keeper.go:71.90,74.2 2 0
selfchain/x/keyless/testutil/mocks/identity_keeper.go:76.92,79.2 2 0
selfchain/x/keyless/testutil/mocks/identity_keeper.go:81.77,84.2 2 0
selfchain/x/keyless/testutil/mocks/identity_keeper.go:86.94,89.2 2 0
selfchain/x/keyless/testutil/mocks/identity_keeper.go:91.89,94.2 2 0
selfchain/x/keyless/types/audit.pb.go:41.38,41.59 1 0
selfchain/x/keyless/types/audit.pb.go:42.38,42.75 1 0
selfchain/x/keyless/types/audit.pb.go:43.39,43.40 0 0
selfchain/x/keyless/types/audit.pb.go:44.49,46.2 1 0
selfchain/x/keyless/types/audit.pb.go:47.52,49.2 1 0
selfchain/x/keyless/types/audit.pb.go:50.80,51.19 1 0
selfchain/x/keyless/types/audit.pb.go:51.19,53.3 1 0
selfchain/x/keyless/types/audit.pb.go:53.8,56.17 3 0
selfchain/x/keyless/types/audit.pb.go:56.17,58.4 1 0
selfchain/x/keyless/types/audit.pb.go:59.3,59.20 1 0
selfchain/x/keyless/types/audit.pb.go:62.51,64.2 1 0
selfchain/x/keyless/types/audit.pb.go:65.37,67.2 1 0
selfchain/x/keyless/types/audit.pb.go:68.43,70.2 1 0
selfchain/x/keyless/types/audit.pb.go:74.43,75.14 1 0
selfchain/x/keyless/types/audit.pb.go:75.14,77.3 1 0
selfchain/x/keyless/types/audit.pb.go:78.2,78.11 1 0
selfchain/x/keyless/types/audit.pb.go:81.44,82.14 1 0
selfchain/x/keyless/types/audit.pb.go:82.14,84.3 1 0
selfchain/x/keyless/types/audit.pb.go:85.2,85.11 1 0
selfchain/x/keyless/types/audit.pb.go:88.40,89.14 1 0
selfchain/x/keyless/types/audit.pb.go:89.14,91.3 1 0
selfchain/x/keyless/types/audit.pb.go:92.2,92.14 1 0
selfchain/x/keyless/types/audit.pb.go:95.42,96.14 1 0
selfchain/x/keyless/types/audit.pb.go:96.14,98.3 1 0
selfchain/x/keyless/types/audit.pb.go:99.2,99.11 1 0
selfchain/x/keyless/types/audit.pb.go:102.48,103.14 1 0
selfchain/x/keyless/types/audit.pb.go:103.14,105.3 1 0
selfchain/x/keyless/types/audit.pb.go:106.2,106.12 1 0
selfchain/x/keyless/types/audit.pb.go:109.42,110.14 1 0
selfchain/x/keyless/types/audit.pb.go:110.14,112.3 1 0
selfchain/x/keyless/types/audit.pb.go:113.2,113.11 1 0
selfchain/x/keyless/types/audit.pb.go:116.42,117.14 1 0
selfchain/x/keyless/types/audit.pb.go:117.14,119.3 1 0
selfchain/x/keyless/types/audit.pb.go:120.2,120.11 1 0
selfchain/x/keyless/types/audit.pb.go:123.13,125.2 1 1
selfchain/x/keyless/types/audit.pb.go:127.13,127.101 1 1
selfchain/x/keyless/types/audit.pb.go:152.57,156.16 4 0
selfchain/x/keyless/types/audit.pb.go:156.16,158.3 1 0
selfchain/x/keyless/types/audit.pb.go:159.2,159.22 1 0
selfchain/x/keyless/types/audit.pb.go:162.58,165.2 2 0
selfchain/x/keyless/types/audit.pb.go:167.69,172.24 5 0
selfchain/x/keyless/types/audit.pb.go:172.24,178.3 5 0
selfchain/x/keyless/types/audit.pb.go:179.2,179.24 1 0
selfchain/x/keyless/types/audit.pb.go:179.24,185.3 5 0
selfchain/x/keyless/types/audit.pb.go:186.2,186.24 1 0
selfchain/x/keyless/types/audit.pb.go:186.24,188.18 2 0
selfchain/x/keyless/types/audit.pb.go:188.18,190.4 1 0
selfchain/x/keyless/types/audit.pb.go:191.3,194.17 4 0
selfchain/x/keyless/types/audit.pb.go:196.2,196.24 1 0
selfchain/x/keyless/types/audit.pb.go:196.24,202.3 5 0
selfchain/x/keyless/types/audit.pb.go:203.2,203.15 1 0
selfchain/x/keyless/types/audit.pb.go:203.15,205.16 2 0
selfchain/x/keyless/types/audit.pb.go:205.16,207.4 1 0
selfchain/x/keyless/types/audit.pb.go:207.9,209.4 1 0
selfchain/x/keyless/types/audit.pb.go:210.3,211.17 2 0
selfchain/x/keyless/types/audit.pb.go:213.2,213.26 1 0
selfchain/x/keyless/types/audit.pb.go:213.26,219.3 5 0
selfchain/x/keyless/types/audit.pb.go:220.2,220.25 1 0
selfchain/x/keyless/types/audit.pb.go:220.25,226.3 5 0
selfchain/x/keyless/types/audit.pb.go:227.2,227.27 1 0
selfchain/x/keyless/types/audit.pb.go:230.63,233.16 3 0
selfchain/x/keyless/types/audit.pb.go:233.16,237.3 3 0
selfchain/x/keyless/types/audit.pb.go:238.2,239.13 2 0
selfchain/x/keyless/types/audit.pb.go:241.37,242.14 1 0
selfchain/x/keyless/types/audit.pb.go:242.14,244.3 1 0
selfchain/x/keyless/types/audit.pb.go:245.2,248.11 4 0
selfchain/x/keyless/types/audit.pb.go:248.11,250.3 1 0
selfchain/x/keyless/types/audit.pb.go:251.2,252.11 2 0
selfchain/x/keyless/types/audit.pb.go:252.11,254.3 1 0
selfchain/x/keyless/types/audit.pb.go:255.2,255.15 1 0
selfchain/x/keyless/types/audit.pb.go:255.15,257.3 1 0
selfchain/x/keyless/types/audit.pb.go:258.2,259.11 2 0
selfchain/x/keyless/types/audit.pb.go:259.11,261.3 1 0
selfchain/x/keyless/types/audit.pb.go:262.2,262.24 1 0
selfchain/x/keyless/types/audit.pb.go:262.24,265.3 2 0
selfchain/x/keyless/types/audit.pb.go:266.2,267.11 2 0
selfchain/x/keyless/types/audit.pb.go:267.11,269.3 1 0
selfchain/x/keyless/types/audit.pb.go:270.2,271.11 2 0
selfchain/x/keyless/types/audit.pb.go:271.11,273.3 1 0
selfchain/x/keyless/types/audit.pb.go:274.2,274.10 1 0
selfchain/x/keyless/types/audit.pb.go:277.33,279.2 1 0
selfchain/x/keyless/types/audit.pb.go:280.33,282.2 1 0
selfchain/x/keyless/types/audit.pb.go:283.51,286.16 3 0
selfchain/x/keyless/types/audit.pb.go:286.16,289.38 3 0
selfchain/x/keyless/types/audit.pb.go:289.38,290.19 1 0
selfchain/x/keyless/types/audit.pb.go:290.19,292.5 1 0
selfchain/x/keyless/types/audit.pb.go:293.4,293.18 1 0
selfchain/x/keyless/types/audit.pb.go:293.18,295.5 1 0
selfchain/x/keyless/types/audit.pb.go:296.4,299.16 4 0
selfchain/x/keyless/types/audit.pb.go:299.16,300.10 1 0
selfchain/x/keyless/types/audit.pb.go:303.3,305.20 3 0
selfchain/x/keyless/types/audit.pb.go:305.20,307.4 1 0
selfchain/x/keyless/types/audit.pb.go:308.3,308.20 1 0
selfchain/x/keyless/types/audit.pb.go:308.20,310.4 1 0
selfchain/x/keyless/types/audit.pb.go:311.3,311.19 1 0
selfchain/x/keyless/types/audit.pb.go:312.10,313.21 1 0
selfchain/x/keyless/types/audit.pb.go:313.21,315.5 1 0
selfchain/x/keyless/types/audit.pb.go:316.4,317.39 2 0
selfchain/x/keyless/types/audit.pb.go:317.39,318.20 1 0
selfchain/x/keyless/types/audit.pb.go:318.20,320.6 1 0
selfchain/x/keyless/types/audit.pb.go:321.5,321.19 1 0
selfchain/x/keyless/types/audit.pb.go:321.19,323.6 1 0
selfchain/x/keyless/types/audit.pb.go:324.5,327.17 4 0
selfchain/x/keyless/types/audit.pb.go:327.17,328.11 1 0
selfchain/x/keyless/types/audit.pb.go:331.4,332.24 2 0
selfchain/x/keyless/types/audit.pb.go:332.24,334.5 1 0
selfchain/x/keyless/types/audit.pb.go:335.4,336.21 2 0
selfchain/x/keyless/types/audit.pb.go:336.21,338.5 1 0
selfchain/x/keyless/types/audit.pb.go:339.4,339.21 1 0
selfchain/x/keyless/types/audit.pb.go:339.21,341.5 1 0
selfchain/x/keyless/types/audit.pb.go:342.4,343.21 2 0
selfchain/x/keyless/types/audit.pb.go:344.10,345.21 1 0
selfchain/x/keyless/types/audit.pb.go:345.21,347.5 1 0
selfchain/x/keyless/types/audit.pb.go:348.4,349.39 2 0
selfchain/x/keyless/types/audit.pb.go:349.39,350.20 1 0
selfchain/x/keyless/types/audit.pb.go:350.20,352.6 1 0
selfchain/x/keyless/types/audit.pb.go:353.5,353.19 1 0
selfchain/x/keyless/types/audit.pb.go:353.19,355.6 1 0
selfchain/x/keyless/types/audit.pb.go:356.5,359.17 4 0
selfchain/x/keyless/types/audit.pb.go:359.17,360.11 1 0
selfchain/x/keyless/types/audit.pb.go:363.4,364.24 2 0
selfchain/x/keyless/types/audit.pb.go:364.24,366.5 1 0
selfchain/x/keyless/types/audit.pb.go:367.4,368.21 2 0
selfchain/x/keyless/types/audit.pb.go:368.21,370.5 1 0
selfchain/x/keyless/types/audit.pb.go:371.4,371.21 1 0
selfchain/x/keyless/types/audit.pb.go:371.21,373.5 1 0
selfchain/x/keyless/types/audit.pb.go:374.4,375.21 2 0
selfchain/x/keyless/types/audit.pb.go:376.10,377.21 1 0
selfchain/x/keyless/types/audit.pb.go:377.21,379.5 1 0
selfchain/x/keyless/types/audit.pb.go:380.4,381.39 2 0
selfchain/x/keyless/types/audit.pb.go:381.39,382.20 1 0
selfchain/x/keyless/types/audit.pb.go:382.20,384.6 1 0
selfchain/x/keyless/types/audit.pb.go:385.5,385.19 1 0
selfchain/x/keyless/types/audit.pb.go:385.19,387.6 1 0
selfchain/x/keyless/types/audit.pb.go:388.5,391.17 4 0
selfchain/x/keyless/types/audit.pb.go:391.17,392.11 1 0
selfchain/x/keyless/types/audit.pb.go:395.4,395.28 1 0
selfchain/x/keyless/types/audit.pb.go:396.10,397.21 1 0
selfchain/x/keyless/types/audit.pb.go:397.21,399.5 1 0
selfchain/x/keyless/types/audit.pb.go:400.4,401.39 2 0
selfchain/x/keyless/types/audit.pb.go:401.39,402.20 1 0
selfchain/x/keyless/types/audit.pb.go:402.20,404.6 1 0
selfchain/x/keyless/types/audit.pb.go:405.5,405.19 1 0
selfchain/x/keyless/types/audit.pb.go:405.19,407.6 1 0
selfchain/x/keyless/types/audit.pb.go:408.5,411.17 4 0
selfchain/x/keyless/types/audit.pb.go:411.17,412.11 1 0
selfchain/x/keyless/types/audit.pb.go:415.4,416.24 2 0
selfchain/x/keyless/types/audit.pb.go:416.24,418.5 1 0
selfchain/x/keyless/types/audit.pb.go:419.4,420.21 2 0
selfchain/x/keyless/types/audit.pb.go:420.21,422.5 1 0
selfchain/x/keyless/types/audit.pb.go:423.4,423.21 1 0
selfchain/x/keyless/types/audit.pb.go:423.21,425.5 1 0
selfchain/x/keyless/types/audit.pb.go:426.4,427.21 2 0
selfchain/x/keyless/types/audit.pb.go:428.10,429.21 1 0
selfchain/x/keyless/types/audit.pb.go:429.21,431.5 1 0
selfchain/x/keyless/types/audit.pb.go:432.4,433.39 2 0
selfchain/x/keyless/types/audit.pb.go:433.39,434.20 1 0
selfchain/x/keyless/types/audit.pb.go:434.20,436.6 1 0
selfchain/x/keyless/types/audit.pb.go:437.5,437.19 1 0
selfchain/x/keyless/types/audit.pb.go:437.19,439.6 1 0
selfchain/x/keyless/types/audit.pb.go:440.5,443.17 4 0
selfchain/x/keyless/types/audit.pb.go:443.17,444.11 1 0
selfchain/x/keyless/types/audit.pb.go:447.4,447.18 1 0
selfchain/x/keyless/types/audit.pb.go:447.18,449.5 1 0
selfchain/x/keyless/types/audit.pb.go:450.4,451.21 2 0
selfchain/x/keyless/types/audit.pb.go:451.21,453.5 1 0
selfchain/x/keyless/types/audit.pb.go:454.4,454.21 1 0
selfchain/x/keyless/types/audit.pb.go:454.21,456.5 1 0
selfchain/x/keyless/types/audit.pb.go:457.4,457.26 1 0
selfchain/x/keyless/types/audit.pb.go:457.26,459.5 1 0
selfchain/x/keyless/types/audit.pb.go:460.4,460.113 1 0
selfchain/x/keyless/types/audit.pb.go:460.113,462.5 1 0
selfchain/x/keyless/types/audit.pb.go:463.4,463.21 1 0
selfchain/x/keyless/types/audit.pb.go:464.10,465.21 1 0
selfchain/x/keyless/types/audit.pb.go:465.21,467.5 1 0
selfchain/x/keyless/types/audit.pb.go:468.4,469.39 2 0
selfchain/x/keyless/types/audit.pb.go:469.39,470.20 1 0
selfchain/x/keyless/types/audit.pb.go:470.20,472.6 1 0
selfchain/x/keyless/types/audit.pb.go:473.5,473.19 1 0
selfchain/x/keyless/types/audit.pb.go:473.19,475.6 1 0
selfchain/x/keyless/types/audit.pb.go:476.5,479.17 4 0
selfchain/x/keyless/types/audit.pb.go:479.17,480.11 1 0
selfchain/x/keyless/types/audit.pb.go:483.4,484.24 2 0
selfchain/x/keyless/types/audit.pb.go:484.24,486.5 1 0
selfchain/x/keyless/types/audit.pb.go:487.4,488.21 2 0
selfchain/x/keyless/types/audit.pb.go:488.21,490.5 1 0
selfchain/x/keyless/types/audit.pb.go:491.4,491.21 1 0
selfchain/x/keyless/types/audit.pb.go:491.21,493.5 1 0
selfchain/x/keyless/types/audit.pb.go:494.4,495.21 2 0
selfchain/x/keyless/types/audit.pb.go:496.10,497.21 1 0
selfchain/x/keyless/types/audit.pb.go:497.21,499.5 1 0
selfchain/x/keyless/types/audit.pb.go:500.4,501.39 2 0
selfchain/x/keyless/types/audit.pb.go:501.39,502.20 1 0
selfchain/x/keyless/types/audit.pb.go:502.20,504.6 1 0
selfchain/x/keyless/types/audit.pb.go:505.5,505.19 1 0
selfchain/x/keyless/types/audit.pb.go:505.19,507.6 1 0
selfchain/x/keyless/types/audit.pb.go:508.5,511.17 4 0
selfchain/x/keyless/types/audit.pb.go:511.17,512.11 1 0
selfchain/x/keyless/types/audit.pb.go:515.4,516.24 2 0
selfchain/x/keyless/types/audit.pb.go:516.24,518.5 1 0
selfchain/x/keyless/types/audit.pb.go:519.4,520.21 2 0
selfchain/x/keyless/types/audit.pb.go:520.21,522.5 1 0
selfchain/x/keyless/types/audit.pb.go:523.4,523.21 1 0
selfchain/x/keyless/types/audit.pb.go:523.21,525.5 1 0
selfchain/x/keyless/types/audit.pb.go:526.4,527.21 2 0
selfchain/x/keyless/types/audit.pb.go:528.11,531.18 3 0
selfchain/x/keyless/types/audit.pb.go:531.18,533.5 1 0
selfchain/x/keyless/types/audit.pb.go:534.4,534.42 1 0
selfchain/x/keyless/types/audit.pb.go:534.42,536.5 1 0
selfchain/x/keyless/types/audit.pb.go:537.4,537.28 1 0
selfchain/x/keyless/types/audit.pb.go:537.28,539.5 1 0
selfchain/x/keyless/types/audit.pb.go:540.4,540.19 1 0
selfchain/x/keyless/types/audit.pb.go:544.2,544.15 1 0
selfchain/x/keyless/types/audit.pb.go:544.15,546.3 1 0
selfchain/x/keyless/types/audit.pb.go:547.2,547.12 1 0
selfchain/x/keyless/types/audit.pb.go:549.48,553.16 4 0
selfchain/x/keyless/types/audit.pb.go:553.16,555.38 2 0
selfchain/x/keyless/types/audit.pb.go:555.38,556.19 1 0
selfchain/x/keyless/types/audit.pb.go:556.19,558.5 1 0
selfchain/x/keyless/types/audit.pb.go:559.4,559.18 1 0
selfchain/x/keyless/types/audit.pb.go:559.18,561.5 1 0
selfchain/x/keyless/types/audit.pb.go:562.4,565.16 4 0
selfchain/x/keyless/types/audit.pb.go:565.16,566.10 1 0
selfchain/x/keyless/types/audit.pb.go:569.3,570.19 2 0
selfchain/x/keyless/types/audit.pb.go:571.10,572.39 1 0
selfchain/x/keyless/types/audit.pb.go:572.39,573.20 1 0
selfchain/x/keyless/types/audit.pb.go:573.20,575.6 1 0
selfchain/x/keyless/types/audit.pb.go:576.5,576.19 1 0
selfchain/x/keyless/types/audit.pb.go:576.19,578.6 1 0
selfchain/x/keyless/types/audit.pb.go:579.5,580.29 2 0
selfchain/x/keyless/types/audit.pb.go:580.29,581.11 1 0
selfchain/x/keyless/types/audit.pb.go:584.10,585.14 1 0
selfchain/x/keyless/types/audit.pb.go:586.10,588.39 2 0
selfchain/x/keyless/types/audit.pb.go:588.39,589.20 1 0
selfchain/x/keyless/types/audit.pb.go:589.20,591.6 1 0
selfchain/x/keyless/types/audit.pb.go:592.5,592.19 1 0
selfchain/x/keyless/types/audit.pb.go:592.19,594.6 1 0
selfchain/x/keyless/types/audit.pb.go:595.5,598.17 4 0
selfchain/x/keyless/types/audit.pb.go:598.17,599.11 1 0
selfchain/x/keyless/types/audit.pb.go:602.4,602.18 1 0
selfchain/x/keyless/types/audit.pb.go:602.18,604.5 1 0
selfchain/x/keyless/types/audit.pb.go:605.4,605.19 1 0
selfchain/x/keyless/types/audit.pb.go:606.10,607.11 1 0
selfchain/x/keyless/types/audit.pb.go:608.10,609.18 1 0
selfchain/x/keyless/types/audit.pb.go:609.18,611.5 1 0
selfchain/x/keyless/types/audit.pb.go:612.4,612.11 1 0
selfchain/x/keyless/types/audit.pb.go:613.10,614.14 1 0
selfchain/x/keyless/types/audit.pb.go:615.11,616.64 1 0
selfchain/x/keyless/types/audit.pb.go:618.3,618.16 1 0
selfchain/x/keyless/types/audit.pb.go:618.16,620.4 1 0
selfchain/x/keyless/types/audit.pb.go:621.3,621.17 1 0
selfchain/x/keyless/types/audit.pb.go:621.17,623.4 1 0
selfchain/x/keyless/types/audit.pb.go:625.2,625.31 1 0
selfchain/x/keyless/types/codec.go:10.44,18.2 7 0
selfchain/x/keyless/types/codec.go:20.62,32.2 2 0
selfchain/x/keyless/types/genesis.go:11.37,16.2 1 1
selfchain/x/keyless/types/genesis.go:20.41,24.2 1 1
selfchain/x/keyless/types/genesis.pb.go:31.40,31.63 1 0
selfchain/x/keyless/types/genesis.pb.go:32.40,32.77 1 0
selfchain/x/keyless/types/genesis.pb.go:33.41,33.42 0 0
selfchain/x/keyless/types/genesis.pb.go:34.51,36.2 1 0
selfchain/x/keyless/types/genesis.pb.go:37.54,39.2 1 0
selfchain/x/keyless/types/genesis.pb.go:40.82,41.19 1 0
selfchain/x/keyless/types/genesis.pb.go:41.19,43.3 1 0
selfchain/x/keyless/types/genesis.pb.go:43.8,46.17 3 0
selfchain/x/keyless/types/genesis.pb.go:46.17,48.4 1 0
selfchain/x/keyless/types/genesis.pb.go:49.3,49.20 1 0
selfchain/x/keyless/types/genesis.pb.go:52.53,54.2 1 0
selfchain/x/keyless/types/genesis.pb.go:55.39,57.2 1 0
selfchain/x/keyless/types/genesis.pb.go:58.45,60.2 1 0
selfchain/x/keyless/types/genesis.pb.go:64.43,65.14 1 0
selfchain/x/keyless/types/genesis.pb.go:65.14,67.3 1 0
selfchain/x/keyless/types/genesis.pb.go:68.2,68.17 1 0
selfchain/x/keyless/types/genesis.pb.go:71.13,73.2 1 1
selfchain/x/keyless/types/genesis.pb.go:75.13,75.103 1 1
selfchain/x/keyless/types/genesis.pb.go:92.59,96.16 4 0
selfchain/x/keyless/types/genesis.pb.go:96.16,98.3 1 0
selfchain/x/keyless/types/genesis.pb.go:99.2,99.22 1 0
selfchain/x/keyless/types/genesis.pb.go:102.60,105.2 2 0
selfchain/x/keyless/types/genesis.pb.go:107.71,112.2 5 0
selfchain/x/keyless/types/genesis.pb.go:112.2,114.17 2 0
selfchain/x/keyless/types/genesis.pb.go:114.17,116.4 1 0
selfchain/x/keyless/types/genesis.pb.go:117.3,118.49 2 0
selfchain/x/keyless/types/genesis.pb.go:120.2,122.27 3 0
selfchain/x/keyless/types/genesis.pb.go:125.65,128.16 3 0
selfchain/x/keyless/types/genesis.pb.go:128.16,132.3 3 0
selfchain/x/keyless/types/genesis.pb.go:133.2,134.13 2 0
selfchain/x/keyless/types/genesis.pb.go:136.39,137.14 1 0
selfchain/x/keyless/types/genesis.pb.go:137.14,139.3 1 0
selfchain/x/keyless/types/genesis.pb.go:140.2,144.10 5 0
selfchain/x/keyless/types/genesis.pb.go:147.35,149.2 1 0
selfchain/x/keyless/types/genesis.pb.go:150.35,152.2 1 0
selfchain/x/keyless/types/genesis.pb.go:153.53,156.16 3 0
selfchain/x/keyless/types/genesis.pb.go:156.16,159.38 3 0
selfchain/x/keyless/types/genesis.pb.go:159.38,160.19 1 0
selfchain/x/keyless/types/genesis.pb.go:160.19,162.5 1 0
selfchain/x/keyless/types/genesis.pb.go:163.4,163.18 1 0
selfchain/x/keyless/types/genesis.pb.go:163.18,165.5 1 0
selfchain/x/keyless/types/genesis.pb.go:166.4,169.16 4 0
selfchain/x/keyless/types/genesis.pb.go:169.16,170.10 1 0
selfchain/x/keyless/types/genesis.pb.go:173.3,175.20 3 0
selfchain/x/keyless/types/genesis.pb.go:175.20,177.4 1 0
selfchain/x/keyless/types/genesis.pb.go:178.3,178.20 1 0
selfchain/x/keyless/types/genesis.pb.go:178.20,180.4 1 0
selfchain/x/keyless/types/genesis.pb.go:181.3,181.19 1 0
selfchain/x/keyless/types/genesis.pb.go:182.10,183.21 1 0
selfchain/x/keyless/types/genesis.pb.go:183.21,185.5 1 0
selfchain/x/keyless/types/genesis.pb.go:186.4,187.39 2 0
selfchain/x/keyless/types/genesis.pb.go:187.39,188.20 1 0
selfchain/x/keyless/types/genesis.pb.go:188.20,190.6 1 0
selfchain/x/keyless/types/genesis.pb.go:191.5,191.19 1 0
selfchain/x/keyless/types/genesis.pb.go:191.19,193.6 1 0
selfchain/x/keyless/types/genesis.pb.go:194.5,197.17 4 0
selfchain/x/keyless/types/genesis.pb.go:197.17,198.11 1 0
selfchain/x/keyless/types/genesis.pb.go:201.4,201.18 1 0
selfchain/x/keyless/types/genesis.pb.go:201.18,203.5 1 0
selfchain/x/keyless/types/genesis.pb.go:204.4,205.21 2 0
selfchain/x/keyless/types/genesis.pb.go:205.21,207.5 1 0
selfchain/x/keyless/types/genesis.pb.go:208.4,208.21 1 0
selfchain/x/keyless/types/genesis.pb.go:208.21,210.5 1 0
selfchain/x/keyless/types/genesis.pb.go:211.4,211.68 1 0
selfchain/x/keyless/types/genesis.pb.go:211.68,213.5 1 0
selfchain/x/keyless/types/genesis.pb.go:214.4,214.21 1 0
selfchain/x/keyless/types/genesis.pb.go:215.11,218.18 3 0
selfchain/x/keyless/types/genesis.pb.go:218.18,220.5 1 0
selfchain/x/keyless/types/genesis.pb.go:221.4,221.42 1 0
selfchain/x/keyless/types/genesis.pb.go:221.42,223.5 1 0
selfchain/x/keyless/types/genesis.pb.go:224.4,224.28 1 0
selfchain/x/keyless/types/genesis.pb.go:224.28,226.5 1 0
selfchain/x/keyless/types/genesis.pb.go:227.4,227.19 1 0
selfchain/x/keyless/types/genesis.pb.go:231.2,231.15 1 0
selfchain/x/keyless/types/genesis.pb.go:231.15,233.3 1 0
selfchain/x/keyless/types/genesis.pb.go:234.2,234.12 1 0
selfchain/x/keyless/types/genesis.pb.go:236.50,240.16 4 0
selfchain/x/keyless/types/genesis.pb.go:240.16,242.38 2 0
selfchain/x/keyless/types/genesis.pb.go:242.38,243.19 1 0
selfchain/x/keyless/types/genesis.pb.go:243.19,245.5 1 0
selfchain/x/keyless/types/genesis.pb.go:246.4,246.18 1 0
selfchain/x/keyless/types/genesis.pb.go:246.18,248.5 1 0
selfchain/x/keyless/types/genesis.pb.go:249.4,252.16 4 0
selfchain/x/keyless/types/genesis.pb.go:252.16,253.10 1 0
selfchain/x/keyless/types/genesis.pb.go:256.3,257.19 2 0
selfchain/x/keyless/types/genesis.pb.go:258.10,259.39 1 0
selfchain/x/keyless/types/genesis.pb.go:259.39,260.20 1 0
selfchain/x/keyless/types/genesis.pb.go:260.20,262.6 1 0
selfchain/x/keyless/types/genesis.pb.go:263.5,263.19 1 0
selfchain/x/keyless/types/genesis.pb.go:263.19,265.6 1 0
selfchain/x/keyless/types/genesis.pb.go:266.5,267.29 2 0
selfchain/x/keyless/types/genesis.pb.go:267.29,268.11 1 0
selfchain/x/keyless/types/genesis.pb.go:271.10,272.14 1 0
selfchain/x/keyless/types/genesis.pb.go:273.10,275.39 2 0
selfchain/x/keyless/types/genesis.pb.go:275.39,276.20 1 0
selfchain/x/keyless/types/genesis.pb.go:276.20,278.6 1 0
selfchain/x/keyless/types/genesis.pb.go:279.5,279.19 1 0
selfchain/x/keyless/types/genesis.pb.go:279.19,281.6 1 0
selfchain/x/keyless/types/genesis.pb.go:282.5,285.17 4 0
selfchain/x/keyless/types/genesis.pb.go:285.17,286.11 1 0
selfchain/x/keyless/types/genesis.pb.go:289.4,289.18 1 0
selfchain/x/keyless/types/genesis.pb.go:289.18,291.5 1 0
selfchain/x/keyless/types/genesis.pb.go:292.4,292.19 1 0
selfchain/x/keyless/types/genesis.pb.go:293.10,294.11 1 0
selfchain/x/keyless/types/genesis.pb.go:295.10,296.18 1 0
selfchain/x/keyless/types/genesis.pb.go:296.18,298.5 1 0
selfchain/x/keyless/types/genesis.pb.go:299.4,299.11 1 0
selfchain/x/keyless/types/genesis.pb.go:300.10,301.14 1 0
selfchain/x/keyless/types/genesis.pb.go:302.11,303.64 1 0
selfchain/x/keyless/types/genesis.pb.go:305.3,305.16 1 0
selfchain/x/keyless/types/genesis.pb.go:305.16,307.4 1 0
selfchain/x/keyless/types/genesis.pb.go:308.3,308.17 1 0
selfchain/x/keyless/types/genesis.pb.go:308.17,310.4 1 0
selfchain/x/keyless/types/genesis.pb.go:312.2,312.31 1 0
selfchain/x/keyless/types/keygen.go:4.42,5.22 1 0
selfchain/x/keyless/types/keygen.go:5.22,7.3 1 0
selfchain/x/keyless/types/keygen.go:8.2,8.21 1 0
selfchain/x/keyless/types/keygen.go:8.21,10.3 1 0
selfchain/x/keyless/types/keygen.go:11.2,11.32 1 0
selfchain/x/keyless/types/keygen.go:11.32,13.3 1 0
selfchain/x/keyless/types/keygen.go:14.2,14.12 1 0
selfchain/x/keyless/types/keygen.go:18.48,19.27 1 0
selfchain/x/keyless/types/keygen.go:19.27,21.3 1 0
selfchain/x/keyless/types/keygen.go:22.2,22.19 1 0
selfchain/x/keyless/types/keygen.go:22.19,24.3 1 0
selfchain/x/keyless/types/keygen.go:25.2,25.20 1 0
selfchain/x/keyless/types/keygen.go:25.20,27.3 1 0
selfchain/x/keyless/types/keygen.go:28.2,28.26 1 0
selfchain/x/keyless/types/keygen.go:28.26,30.3 1 0
selfchain/x/keyless/types/keygen.go:31.2,31.12 1 0
selfchain/x/keyless/types/keygen.go:35.48,36.22 1 0
selfchain/x/keyless/types/keygen.go:36.22,38.3 1 0
selfchain/x/keyless/types/keygen.go:39.2,39.27 1 0
selfchain/x/keyless/types/keygen.go:39.27,41.3 1 0
selfchain/x/keyless/types/keygen.go:42.2,42.23 1 0
selfchain/x/keyless/types/keygen.go:42.23,44.3 1 0
selfchain/x/keyless/types/keygen.go:45.2,45.12 1 0
selfchain/x/keyless/types/keygen.pb.go:54.40,56.2 1 0
selfchain/x/keyless/types/keygen.pb.go:58.55,60.2 1 0
selfchain/x/keyless/types/keygen.pb.go:89.39,91.2 1 0
selfchain/x/keyless/types/keygen.pb.go:93.54,95.2 1 0
selfchain/x/keyless/types/keygen.pb.go:107.39,107.61 1 0
selfchain/x/keyless/types/keygen.pb.go:108.39,108.76 1 0
selfchain/x/keyless/types/keygen.pb.go:109.40,109.41 0 0
selfchain/x/keyless/types/keygen.pb.go:110.50,112.2 1 0
selfchain/x/keyless/types/keygen.pb.go:113.53,115.2 1 0
selfchain/x/keyless/types/keygen.pb.go:116.81,117.19 1 0
selfchain/x/keyless/types/keygen.pb.go:117.19,119.3 1 0
selfchain/x/keyless/types/keygen.pb.go:119.8,122.17 3 0
selfchain/x/keyless/types/keygen.pb.go:122.17,124.4 1 0
selfchain/x/keyless/types/keygen.pb.go:125.3,125.20 1 0
selfchain/x/keyless/types/keygen.pb.go:128.52,130.2 1 0
selfchain/x/keyless/types/keygen.pb.go:131.38,133.2 1 0
selfchain/x/keyless/types/keygen.pb.go:134.44,136.2 1 0
selfchain/x/keyless/types/keygen.pb.go:140.48,141.14 1 0
selfchain/x/keyless/types/keygen.pb.go:141.14,143.3 1 0
selfchain/x/keyless/types/keygen.pb.go:144.2,144.20 1 0
selfchain/x/keyless/types/keygen.pb.go:147.50,148.14 1 0
selfchain/x/keyless/types/keygen.pb.go:148.14,150.3 1 0
selfchain/x/keyless/types/keygen.pb.go:151.2,151.20 1 0
selfchain/x/keyless/types/keygen.pb.go:154.47,155.14 1 0
selfchain/x/keyless/types/keygen.pb.go:155.14,157.3 1 0
selfchain/x/keyless/types/keygen.pb.go:158.2,158.20 1 0
selfchain/x/keyless/types/keygen.pb.go:161.46,162.14 1 0
selfchain/x/keyless/types/keygen.pb.go:162.14,164.3 1 0
selfchain/x/keyless/types/keygen.pb.go:165.2,165.10 1 0
selfchain/x/keyless/types/keygen.pb.go:168.54,169.14 1 0
selfchain/x/keyless/types/keygen.pb.go:169.14,171.3 1 0
selfchain/x/keyless/types/keygen.pb.go:172.2,172.47 1 0
selfchain/x/keyless/types/keygen.pb.go:175.56,176.14 1 0
selfchain/x/keyless/types/keygen.pb.go:176.14,178.3 1 0
selfchain/x/keyless/types/keygen.pb.go:179.2,179.49 1 0
selfchain/x/keyless/types/keygen.pb.go:190.42,190.67 1 0
selfchain/x/keyless/types/keygen.pb.go:191.42,191.79 1 0
selfchain/x/keyless/types/keygen.pb.go:192.43,192.44 0 0
selfchain/x/keyless/types/keygen.pb.go:193.53,195.2 1 0
selfchain/x/keyless/types/keygen.pb.go:196.56,198.2 1 0
selfchain/x/keyless/types/keygen.pb.go:199.84,200.19 1 0
selfchain/x/keyless/types/keygen.pb.go:200.19,202.3 1 0
selfchain/x/keyless/types/keygen.pb.go:202.8,205.17 3 0
selfchain/x/keyless/types/keygen.pb.go:205.17,207.4 1 0
selfchain/x/keyless/types/keygen.pb.go:208.3,208.20 1 0
selfchain/x/keyless/types/keygen.pb.go:211.55,213.2 1 0
selfchain/x/keyless/types/keygen.pb.go:214.41,216.2 1 0
selfchain/x/keyless/types/keygen.pb.go:217.47,219.2 1 0
selfchain/x/keyless/types/keygen.pb.go:223.52,224.14 1 0
selfchain/x/keyless/types/keygen.pb.go:224.14,226.3 1 0
selfchain/x/keyless/types/keygen.pb.go:227.2,227.11 1 0
selfchain/x/keyless/types/keygen.pb.go:230.44,231.14 1 0
selfchain/x/keyless/types/keygen.pb.go:231.14,233.3 1 0
selfchain/x/keyless/types/keygen.pb.go:234.2,234.11 1 0
selfchain/x/keyless/types/keygen.pb.go:237.46,238.14 1 0
selfchain/x/keyless/types/keygen.pb.go:238.14,240.3 1 0
selfchain/x/keyless/types/keygen.pb.go:241.2,241.10 1 0
selfchain/x/keyless/types/keygen.pb.go:244.51,245.14 1 0
selfchain/x/keyless/types/keygen.pb.go:245.14,247.3 1 0
selfchain/x/keyless/types/keygen.pb.go:248.2,248.20 1 0
selfchain/x/keyless/types/keygen.pb.go:261.37,261.57 1 0
selfchain/x/keyless/types/keygen.pb.go:262.37,262.74 1 0
selfchain/x/keyless/types/keygen.pb.go:263.38,263.39 0 0
selfchain/x/keyless/types/keygen.pb.go:264.48,266.2 1 0
selfchain/x/keyless/types/keygen.pb.go:267.51,269.2 1 0
selfchain/x/keyless/types/keygen.pb.go:270.79,271.19 1 0
selfchain/x/keyless/types/keygen.pb.go:271.19,273.3 1 0
selfchain/x/keyless/types/keygen.pb.go:273.8,276.17 3 0
selfchain/x/keyless/types/keygen.pb.go:276.17,278.4 1 0
selfchain/x/keyless/types/keygen.pb.go:279.3,279.20 1 0
selfchain/x/keyless/types/keygen.pb.go:282.50,284.2 1 0
selfchain/x/keyless/types/keygen.pb.go:285.36,287.2 1 0
selfchain/x/keyless/types/keygen.pb.go:288.42,290.2 1 0
selfchain/x/keyless/types/keygen.pb.go:294.41,295.14 1 0
selfchain/x/keyless/types/keygen.pb.go:295.14,297.3 1 0
selfchain/x/keyless/types/keygen.pb.go:298.2,298.11 1 0
selfchain/x/keyless/types/keygen.pb.go:301.43,302.14 1 0
selfchain/x/keyless/types/keygen.pb.go:302.14,304.3 1 0
selfchain/x/keyless/types/keygen.pb.go:305.2,305.12 1 0
selfchain/x/keyless/types/keygen.pb.go:308.44,309.14 1 0
selfchain/x/keyless/types/keygen.pb.go:309.14,311.3 1 0
selfchain/x/keyless/types/keygen.pb.go:312.2,312.12 1 0
selfchain/x/keyless/types/keygen.pb.go:315.50,316.14 1 0
selfchain/x/keyless/types/keygen.pb.go:316.14,318.3 1 0
selfchain/x/keyless/types/keygen.pb.go:319.2,319.12 1 0
selfchain/x/keyless/types/keygen.pb.go:322.41,323.14 1 0
selfchain/x/keyless/types/keygen.pb.go:323.14,325.3 1 0
selfchain/x/keyless/types/keygen.pb.go:326.2,326.11 1 0
selfchain/x/keyless/types/keygen.pb.go:329.40,330.14 1 0
selfchain/x/keyless/types/keygen.pb.go:330.14,332.3 1 0
selfchain/x/keyless/types/keygen.pb.go:333.2,333.11 1 0
selfchain/x/keyless/types/keygen.pb.go:343.41,343.65 1 0
selfchain/x/keyless/types/keygen.pb.go:344.41,344.78 1 0
selfchain/x/keyless/types/keygen.pb.go:345.42,345.43 0 0
selfchain/x/keyless/types/keygen.pb.go:346.52,348.2 1 0
selfchain/x/keyless/types/keygen.pb.go:349.55,351.2 1 0
selfchain/x/keyless/types/keygen.pb.go:352.83,353.19 1 0
selfchain/x/keyless/types/keygen.pb.go:353.19,355.3 1 0
selfchain/x/keyless/types/keygen.pb.go:355.8,358.17 3 0
selfchain/x/keyless/types/keygen.pb.go:358.17,360.4 1 0
selfchain/x/keyless/types/keygen.pb.go:361.3,361.20 1 0
selfchain/x/keyless/types/keygen.pb.go:364.54,366.2 1 0
selfchain/x/keyless/types/keygen.pb.go:367.40,369.2 1 0
selfchain/x/keyless/types/keygen.pb.go:370.46,372.2 1 0
selfchain/x/keyless/types/keygen.pb.go:376.46,377.14 1 0
selfchain/x/keyless/types/keygen.pb.go:377.14,379.3 1 0
selfchain/x/keyless/types/keygen.pb.go:380.2,380.11 1 0
selfchain/x/keyless/types/keygen.pb.go:383.45,384.14 1 0
selfchain/x/keyless/types/keygen.pb.go:384.14,386.3 1 0
selfchain/x/keyless/types/keygen.pb.go:387.2,387.11 1 0
selfchain/x/keyless/types/keygen.pb.go:390.58,391.14 1 0
selfchain/x/keyless/types/keygen.pb.go:391.14,393.3 1 0
selfchain/x/keyless/types/keygen.pb.go:394.2,394.49 1 0
selfchain/x/keyless/types/keygen.pb.go:404.42,404.67 1 0
selfchain/x/keyless/types/keygen.pb.go:405.42,405.79 1 0
selfchain/x/keyless/types/keygen.pb.go:406.43,406.44 0 0
selfchain/x/keyless/types/keygen.pb.go:407.53,409.2 1 0
selfchain/x/keyless/types/keygen.pb.go:410.56,412.2 1 0
selfchain/x/keyless/types/keygen.pb.go:413.84,414.19 1 0
selfchain/x/keyless/types/keygen.pb.go:414.19,416.3 1 0
selfchain/x/keyless/types/keygen.pb.go:416.8,419.17 3 0
selfchain/x/keyless/types/keygen.pb.go:419.17,421.4 1 0
selfchain/x/keyless/types/keygen.pb.go:422.3,422.20 1 0
selfchain/x/keyless/types/keygen.pb.go:425.55,427.2 1 0
selfchain/x/keyless/types/keygen.pb.go:428.41,430.2 1 0
selfchain/x/keyless/types/keygen.pb.go:431.47,433.2 1 0
selfchain/x/keyless/types/keygen.pb.go:437.47,438.14 1 0
selfchain/x/keyless/types/keygen.pb.go:438.14,440.3 1 0
selfchain/x/keyless/types/keygen.pb.go:441.2,441.11 1 0
selfchain/x/keyless/types/keygen.pb.go:444.48,445.14 1 0
selfchain/x/keyless/types/keygen.pb.go:445.14,447.3 1 0
selfchain/x/keyless/types/keygen.pb.go:448.2,448.12 1 0
selfchain/x/keyless/types/keygen.pb.go:451.53,452.14 1 0
selfchain/x/keyless/types/keygen.pb.go:452.14,454.3 1 0
selfchain/x/keyless/types/keygen.pb.go:455.2,455.12 1 0
selfchain/x/keyless/types/keygen.pb.go:458.13,466.2 7 1
selfchain/x/keyless/types/keygen.pb.go:468.13,468.102 1 1
selfchain/x/keyless/types/keygen.pb.go:521.58,525.16 4 0
selfchain/x/keyless/types/keygen.pb.go:525.16,527.3 1 0
selfchain/x/keyless/types/keygen.pb.go:528.2,528.22 1 0
selfchain/x/keyless/types/keygen.pb.go:531.59,534.2 2 0
selfchain/x/keyless/types/keygen.pb.go:536.70,541.26 5 0
selfchain/x/keyless/types/keygen.pb.go:541.26,545.3 3 0
selfchain/x/keyless/types/keygen.pb.go:546.2,546.25 1 0
selfchain/x/keyless/types/keygen.pb.go:546.25,550.3 3 0
selfchain/x/keyless/types/keygen.pb.go:551.2,551.23 1 0
selfchain/x/keyless/types/keygen.pb.go:551.23,555.3 3 0
selfchain/x/keyless/types/keygen.pb.go:556.2,557.17 2 0
selfchain/x/keyless/types/keygen.pb.go:557.17,559.3 1 0
selfchain/x/keyless/types/keygen.pb.go:560.2,565.17 6 0
selfchain/x/keyless/types/keygen.pb.go:565.17,567.3 1 0
selfchain/x/keyless/types/keygen.pb.go:568.2,573.17 6 0
selfchain/x/keyless/types/keygen.pb.go:573.17,575.3 1 0
selfchain/x/keyless/types/keygen.pb.go:576.2,580.27 5 0
selfchain/x/keyless/types/keygen.pb.go:583.61,587.16 4 0
selfchain/x/keyless/types/keygen.pb.go:587.16,589.3 1 0
selfchain/x/keyless/types/keygen.pb.go:590.2,590.22 1 0
selfchain/x/keyless/types/keygen.pb.go:593.62,596.2 2 0
selfchain/x/keyless/types/keygen.pb.go:598.73,604.17 6 0
selfchain/x/keyless/types/keygen.pb.go:604.17,606.3 1 0
selfchain/x/keyless/types/keygen.pb.go:607.2,611.20 5 0
selfchain/x/keyless/types/keygen.pb.go:611.20,615.3 3 0
selfchain/x/keyless/types/keygen.pb.go:616.2,616.22 1 0
selfchain/x/keyless/types/keygen.pb.go:616.22,622.3 5 0
selfchain/x/keyless/types/keygen.pb.go:623.2,623.30 1 0
selfchain/x/keyless/types/keygen.pb.go:623.30,629.3 5 0
selfchain/x/keyless/types/keygen.pb.go:630.2,630.27 1 0
selfchain/x/keyless/types/keygen.pb.go:633.56,637.16 4 0
selfchain/x/keyless/types/keygen.pb.go:637.16,639.3 1 0
selfchain/x/keyless/types/keygen.pb.go:640.2,640.22 1 0
selfchain/x/keyless/types/keygen.pb.go:643.57,646.2 2 0
selfchain/x/keyless/types/keygen.pb.go:648.68,653.23 5 0
selfchain/x/keyless/types/keygen.pb.go:653.23,659.3 5 0
selfchain/x/keyless/types/keygen.pb.go:660.2,660.24 1 0
selfchain/x/keyless/types/keygen.pb.go:660.24,666.3 5 0
selfchain/x/keyless/types/keygen.pb.go:667.2,667.33 1 0
selfchain/x/keyless/types/keygen.pb.go:667.33,673.3 5 0
selfchain/x/keyless/types/keygen.pb.go:674.2,674.27 1 0
selfchain/x/keyless/types/keygen.pb.go:674.27,680.3 5 0
selfchain/x/keyless/types/keygen.pb.go:681.2,681.26 1 0
selfchain/x/keyless/types/keygen.pb.go:681.26,687.3 5 0
selfchain/x/keyless/types/keygen.pb.go:688.2,688.24 1 0
selfchain/x/keyless/types/keygen.pb.go:688.24,694.3 5 0
selfchain/x/keyless/types/keygen.pb.go:695.2,695.27 1 0
selfchain/x/keyless/types/keygen.pb.go:698.60,702.16 4 0
selfchain/x/keyless/types/keygen.pb.go:702.16,704.3 1 0
selfchain/x/keyless/types/keygen.pb.go:705.2,705.22 1 0
selfchain/x/keyless/types/keygen.pb.go:708.61,711.2 2 0
selfchain/x/keyless/types/keygen.pb.go:713.72,718.26 5 0
selfchain/x/keyless/types/keygen.pb.go:718.26,722.3 3 0
selfchain/x/keyless/types/keygen.pb.go:723.2,723.24 1 0
selfchain/x/keyless/types/keygen.pb.go:723.24,729.3 5 0
selfchain/x/keyless/types/keygen.pb.go:730.2,730.25 1 0
selfchain/x/keyless/types/keygen.pb.go:730.25,736.3 5 0
selfchain/x/keyless/types/keygen.pb.go:737.2,737.27 1 0
selfchain/x/keyless/types/keygen.pb.go:740.61,744.16 4 0
selfchain/x/keyless/types/keygen.pb.go:744.16,746.3 1 0
selfchain/x/keyless/types/keygen.pb.go:747.2,747.22 1 0
selfchain/x/keyless/types/keygen.pb.go:750.62,753.2 2 0
selfchain/x/keyless/types/keygen.pb.go:755.73,760.23 5 0
selfchain/x/keyless/types/keygen.pb.go:760.23,761.3 1 0
selfchain/x/keyless/types/keygen.pb.go:761.3,763.18 2 0
selfchain/x/keyless/types/keygen.pb.go:763.18,765.5 1 0
selfchain/x/keyless/types/keygen.pb.go:766.4,767.49 2 0
selfchain/x/keyless/types/keygen.pb.go:769.3,770.17 2 0
selfchain/x/keyless/types/keygen.pb.go:772.2,772.26 1 0
selfchain/x/keyless/types/keygen.pb.go:772.26,778.3 5 0
selfchain/x/keyless/types/keygen.pb.go:779.2,779.25 1 0
selfchain/x/keyless/types/keygen.pb.go:779.25,785.3 5 0
selfchain/x/keyless/types/keygen.pb.go:786.2,786.27 1 0
selfchain/x/keyless/types/keygen.pb.go:789.64,792.16 3 0
selfchain/x/keyless/types/keygen.pb.go:792.16,796.3 3 0
selfchain/x/keyless/types/keygen.pb.go:797.2,798.13 2 0
selfchain/x/keyless/types/keygen.pb.go:800.38,801.14 1 0
selfchain/x/keyless/types/keygen.pb.go:801.14,803.3 1 0
selfchain/x/keyless/types/keygen.pb.go:804.2,812.23 9 0
selfchain/x/keyless/types/keygen.pb.go:812.23,814.3 1 0
selfchain/x/keyless/types/keygen.pb.go:815.2,815.25 1 0
selfchain/x/keyless/types/keygen.pb.go:815.25,817.3 1 0
selfchain/x/keyless/types/keygen.pb.go:818.2,818.26 1 0
selfchain/x/keyless/types/keygen.pb.go:818.26,820.3 1 0
selfchain/x/keyless/types/keygen.pb.go:821.2,821.10 1 0
selfchain/x/keyless/types/keygen.pb.go:824.41,825.14 1 0
selfchain/x/keyless/types/keygen.pb.go:825.14,827.3 1 0
selfchain/x/keyless/types/keygen.pb.go:828.2,831.11 4 0
selfchain/x/keyless/types/keygen.pb.go:831.11,833.3 1 0
selfchain/x/keyless/types/keygen.pb.go:834.2,835.11 2 0
selfchain/x/keyless/types/keygen.pb.go:835.11,837.3 1 0
selfchain/x/keyless/types/keygen.pb.go:838.2,838.20 1 0
selfchain/x/keyless/types/keygen.pb.go:838.20,840.3 1 0
selfchain/x/keyless/types/keygen.pb.go:841.2,843.10 3 0
selfchain/x/keyless/types/keygen.pb.go:846.36,847.14 1 0
selfchain/x/keyless/types/keygen.pb.go:847.14,849.3 1 0
selfchain/x/keyless/types/keygen.pb.go:850.2,853.11 4 0
selfchain/x/keyless/types/keygen.pb.go:853.11,855.3 1 0
selfchain/x/keyless/types/keygen.pb.go:856.2,857.11 2 0
selfchain/x/keyless/types/keygen.pb.go:857.11,859.3 1 0
selfchain/x/keyless/types/keygen.pb.go:860.2,861.11 2 0
selfchain/x/keyless/types/keygen.pb.go:861.11,863.3 1 0
selfchain/x/keyless/types/keygen.pb.go:864.2,865.11 2 0
selfchain/x/keyless/types/keygen.pb.go:865.11,867.3 1 0
selfchain/x/keyless/types/keygen.pb.go:868.2,869.11 2 0
selfchain/x/keyless/types/keygen.pb.go:869.11,871.3 1 0
selfchain/x/keyless/types/keygen.pb.go:872.2,873.11 2 0
selfchain/x/keyless/types/keygen.pb.go:873.11,875.3 1 0
selfchain/x/keyless/types/keygen.pb.go:876.2,876.10 1 0
selfchain/x/keyless/types/keygen.pb.go:879.40,880.14 1 0
selfchain/x/keyless/types/keygen.pb.go:880.14,882.3 1 0
selfchain/x/keyless/types/keygen.pb.go:883.2,886.11 4 0
selfchain/x/keyless/types/keygen.pb.go:886.11,888.3 1 0
selfchain/x/keyless/types/keygen.pb.go:889.2,890.11 2 0
selfchain/x/keyless/types/keygen.pb.go:890.11,892.3 1 0
selfchain/x/keyless/types/keygen.pb.go:893.2,893.26 1 0
selfchain/x/keyless/types/keygen.pb.go:893.26,895.3 1 0
selfchain/x/keyless/types/keygen.pb.go:896.2,896.10 1 0
selfchain/x/keyless/types/keygen.pb.go:899.41,900.14 1 0
selfchain/x/keyless/types/keygen.pb.go:900.14,902.3 1 0
selfchain/x/keyless/types/keygen.pb.go:903.2,906.11 4 0
selfchain/x/keyless/types/keygen.pb.go:906.11,908.3 1 0
selfchain/x/keyless/types/keygen.pb.go:909.2,910.11 2 0
selfchain/x/keyless/types/keygen.pb.go:910.11,912.3 1 0
selfchain/x/keyless/types/keygen.pb.go:913.2,913.23 1 0
selfchain/x/keyless/types/keygen.pb.go:913.23,916.3 2 0
selfchain/x/keyless/types/keygen.pb.go:917.2,917.10 1 0
selfchain/x/keyless/types/keygen.pb.go:920.34,922.2 1 0
selfchain/x/keyless/types/keygen.pb.go:923.34,925.2 1 0
selfchain/x/keyless/types/keygen.pb.go:926.52,929.16 3 0
selfchain/x/keyless/types/keygen.pb.go:929.16,932.38 3 0
selfchain/x/keyless/types/keygen.pb.go:932.38,933.19 1 0
selfchain/x/keyless/types/keygen.pb.go:933.19,935.5 1 0
selfchain/x/keyless/types/keygen.pb.go:936.4,936.18 1 0
selfchain/x/keyless/types/keygen.pb.go:936.18,938.5 1 0
selfchain/x/keyless/types/keygen.pb.go:939.4,942.16 4 0
selfchain/x/keyless/types/keygen.pb.go:942.16,943.10 1 0
selfchain/x/keyless/types/keygen.pb.go:946.3,948.20 3 0
selfchain/x/keyless/types/keygen.pb.go:948.20,950.4 1 0
selfchain/x/keyless/types/keygen.pb.go:951.3,951.20 1 0
selfchain/x/keyless/types/keygen.pb.go:951.20,953.4 1 0
selfchain/x/keyless/types/keygen.pb.go:954.3,954.19 1 0
selfchain/x/keyless/types/keygen.pb.go:955.10,956.21 1 0
selfchain/x/keyless/types/keygen.pb.go:956.21,958.5 1 0
selfchain/x/keyless/types/keygen.pb.go:959.4,960.39 2 0
selfchain/x/keyless/types/keygen.pb.go:960.39,961.20 1 0
selfchain/x/keyless/types/keygen.pb.go:961.20,963.6 1 0
selfchain/x/keyless/types/keygen.pb.go:964.5,964.19 1 0
selfchain/x/keyless/types/keygen.pb.go:964.19,966.6 1 0
selfchain/x/keyless/types/keygen.pb.go:967.5,970.17 4 0
selfchain/x/keyless/types/keygen.pb.go:970.17,971.11 1 0
selfchain/x/keyless/types/keygen.pb.go:974.4,974.18 1 0
selfchain/x/keyless/types/keygen.pb.go:974.18,976.5 1 0
selfchain/x/keyless/types/keygen.pb.go:977.4,978.21 2 0
selfchain/x/keyless/types/keygen.pb.go:978.21,980.5 1 0
selfchain/x/keyless/types/keygen.pb.go:981.4,981.21 1 0
selfchain/x/keyless/types/keygen.pb.go:981.21,983.5 1 0
selfchain/x/keyless/types/keygen.pb.go:984.4,984.114 1 0
selfchain/x/keyless/types/keygen.pb.go:984.114,986.5 1 0
selfchain/x/keyless/types/keygen.pb.go:987.4,987.21 1 0
selfchain/x/keyless/types/keygen.pb.go:988.10,989.21 1 0
selfchain/x/keyless/types/keygen.pb.go:989.21,991.5 1 0
selfchain/x/keyless/types/keygen.pb.go:992.4,993.39 2 0
selfchain/x/keyless/types/keygen.pb.go:993.39,994.20 1 0
selfchain/x/keyless/types/keygen.pb.go:994.20,996.6 1 0
selfchain/x/keyless/types/keygen.pb.go:997.5,997.19 1 0
selfchain/x/keyless/types/keygen.pb.go:997.19,999.6 1 0
selfchain/x/keyless/types/keygen.pb.go:1000.5,1003.17 4 0
selfchain/x/keyless/types/keygen.pb.go:1003.17,1004.11 1 0
selfchain/x/keyless/types/keygen.pb.go:1007.4,1007.18 1 0
selfchain/x/keyless/types/keygen.pb.go:1007.18,1009.5 1 0
selfchain/x/keyless/types/keygen.pb.go:1010.4,1011.21 2 0
selfchain/x/keyless/types/keygen.pb.go:1011.21,1013.5 1 0
selfchain/x/keyless/types/keygen.pb.go:1014.4,1014.21 1 0
selfchain/x/keyless/types/keygen.pb.go:1014.21,1016.5 1 0
selfchain/x/keyless/types/keygen.pb.go:1017.4,1017.116 1 0
selfchain/x/keyless/types/keygen.pb.go:1017.116,1019.5 1 0
selfchain/x/keyless/types/keygen.pb.go:1020.4,1020.21 1 0
selfchain/x/keyless/types/keygen.pb.go:1021.10,1022.21 1 0
selfchain/x/keyless/types/keygen.pb.go:1022.21,1024.5 1 0
selfchain/x/keyless/types/keygen.pb.go:1025.4,1026.39 2 0
selfchain/x/keyless/types/keygen.pb.go:1026.39,1027.20 1 0
selfchain/x/keyless/types/keygen.pb.go:1027.20,1029.6 1 0
selfchain/x/keyless/types/keygen.pb.go:1030.5,1030.19 1 0
selfchain/x/keyless/types/keygen.pb.go:1030.19,1032.6 1 0
selfchain/x/keyless/types/keygen.pb.go:1033.5,1036.17 4 0
selfchain/x/keyless/types/keygen.pb.go:1036.17,1037.11 1 0
selfchain/x/keyless/types/keygen.pb.go:1040.4,1040.18 1 0
selfchain/x/keyless/types/keygen.pb.go:1040.18,1042.5 1 0
selfchain/x/keyless/types/keygen.pb.go:1043.4,1044.21 2 0
selfchain/x/keyless/types/keygen.pb.go:1044.21,1046.5 1 0
selfchain/x/keyless/types/keygen.pb.go:1047.4,1047.21 1 0
selfchain/x/keyless/types/keygen.pb.go:1047.21,1049.5 1 0
selfchain/x/keyless/types/keygen.pb.go:1050.4,1050.113 1 0
selfchain/x/keyless/types/keygen.pb.go:1050.113,1052.5 1 0
selfchain/x/keyless/types/keygen.pb.go:1053.4,1053.21 1 0
selfchain/x/keyless/types/keygen.pb.go:1054.10,1055.21 1 0
selfchain/x/keyless/types/keygen.pb.go:1055.21,1057.5 1 0
selfchain/x/keyless/types/keygen.pb.go:1058.4,1059.39 2 0
selfchain/x/keyless/types/keygen.pb.go:1059.39,1060.20 1 0
selfchain/x/keyless/types/keygen.pb.go:1060.20,1062.6 1 0
selfchain/x/keyless/types/keygen.pb.go:1063.5,1063.19 1 0
selfchain/x/keyless/types/keygen.pb.go:1063.19,1065.6 1 0
selfchain/x/keyless/types/keygen.pb.go:1066.5,1069.17 4 0
selfchain/x/keyless/types/keygen.pb.go:1069.17,1070.11 1 0
selfchain/x/keyless/types/keygen.pb.go:1073.10,1074.21 1 0
selfchain/x/keyless/types/keygen.pb.go:1074.21,1076.5 1 0
[...]
selfchain/x/keyless/types/wallet.pb.go:525.17,526.11 1 0
selfchain/x/keyless/types/wallet.pb.go:529.4,530.24 2 0
selfchain/x/keyless/types/wallet.pb.go:530.24,532.5 1 0
selfchain/x/keyless/types/wallet.pb.go:533.4,534.21 2 0
selfchain/x/keyless/types/wallet.pb.go:534.21,536.5 1 0
selfchain/x/keyless/types/wallet.pb.go:537.4,537.21 1 0
selfchain/x/keyless/types/wallet.pb.go:537.21,539.5 1 0
selfchain/x/keyless/types/wallet.pb.go:540.4,541.21 2 0
selfchain/x/keyless/types/wallet.pb.go:542.10,543.21 1 0
selfchain/x/keyless/types/wallet.pb.go:543.21,545.5 1 0
selfchain/x/keyless/types/wallet.pb.go:546.4,547.39 2 0
selfchain/x/keyless/types/wallet.pb.go:547.39,548.20 1 0
selfchain/x/keyless/types/wallet.pb.go:548.20,550.6 1 0
selfchain/x/keyless/types/wallet.pb.go:551.5,551.19 1 0
selfchain/x/keyless/types/wallet.pb.go:551.19,553.6 1 0
selfchain/x/keyless/types/wallet.pb.go:554.5,557.17 4 0
selfchain/x/keyless/types/wallet.pb.go:557.17,558.11 1 0
selfchain/x/keyless/types/wallet.pb.go:561.10,562.21 1 0
selfchain/x/keyless/types/wallet.pb.go:562.21,564.5 1 0
selfchain/x/keyless/types/wallet.pb.go:565.4,566.39 2 0
selfchain/x/keyless/types/wallet.pb.go:566.39,567.20 1 0
selfchain/x/keyless/types/wallet.pb.go:567.20,569.6 1 0
selfchain/x/keyless/types/wallet.pb.go:570.5,570.19 1 0
selfchain/x/keyless/types/wallet.pb.go:570.19,572.6 1 0
selfchain/x/keyless/types/wallet.pb.go:573.5,576.17 4 0
selfchain/x/keyless/types/wallet.pb.go:576.17,577.11 1 0
selfchain/x/keyless/types/wallet.pb.go:580.4,581.24 2 0
selfchain/x/keyless/types/wallet.pb.go:581.24,583.5 1 0
selfchain/x/keyless/types/wallet.pb.go:584.4,585.21 2 0
selfchain/x/keyless/types/wallet.pb.go:585.21,587.5 1 0
selfchain/x/keyless/types/wallet.pb.go:588.4,588.21 1 0
selfchain/x/keyless/types/wallet.pb.go:588.21,590.5 1 0
selfchain/x/keyless/types/wallet.pb.go:591.4,592.21 2 0
selfchain/x/keyless/types/wallet.pb.go:593.10,594.21 1 0
selfchain/x/keyless/types/wallet.pb.go:594.21,596.5 1 0
selfchain/x/keyless/types/wallet.pb.go:597.4,598.39 2 0
selfchain/x/keyless/types/wallet.pb.go:598.39,599.20 1 0
selfchain/x/keyless/types/wallet.pb.go:599.20,601.6 1 0
selfchain/x/keyless/types/wallet.pb.go:602.5,602.19 1 0
selfchain/x/keyless/types/wallet.pb.go:602.19,604.6 1 0
selfchain/x/keyless/types/wallet.pb.go:605.5,608.17 4 0
selfchain/x/keyless/types/wallet.pb.go:608.17,609.11 1 0
selfchain/x/keyless/types/wallet.pb.go:612.4,612.18 1 0
selfchain/x/keyless/types/wallet.pb.go:612.18,614.5 1 0
selfchain/x/keyless/types/wallet.pb.go:615.4,616.21 2 0
selfchain/x/keyless/types/wallet.pb.go:616.21,618.5 1 0
selfchain/x/keyless/types/wallet.pb.go:619.4,619.21 1 0
selfchain/x/keyless/types/wallet.pb.go:619.21,621.5 1 0
selfchain/x/keyless/types/wallet.pb.go:622.4,622.26 1 0
selfchain/x/keyless/types/wallet.pb.go:622.26,624.5 1 0
selfchain/x/keyless/types/wallet.pb.go:625.4,625.113 1 0
selfchain/x/keyless/types/wallet.pb.go:625.113,627.5 1 0
selfchain/x/keyless/types/wallet.pb.go:628.4,628.21 1 0
selfchain/x/keyless/types/wallet.pb.go:629.10,630.21 1 0
selfchain/x/keyless/types/wallet.pb.go:630.21,632.5 1 0
selfchain/x/keyless/types/wallet.pb.go:633.4,634.39 2 0
selfchain/x/keyless/types/wallet.pb.go:634.39,635.20 1 0
selfchain/x/keyless/types/wallet.pb.go:635.20,637.6 1 0
selfchain/x/keyless/types/wallet.pb.go:638.5,638.19 1 0
selfchain/x/keyless/types/wallet.pb.go:638.19,640.6 1 0
selfchain/x/keyless/types/wallet.pb.go:641.5,644.17 4 0
selfchain/x/keyless/types/wallet.pb.go:644.17,645.11 1 0
selfchain/x/keyless/types/wallet.pb.go:648.4,648.18 1 0
selfchain/x/keyless/types/wallet.pb.go:648.18,650.5 1 0
selfchain/x/keyless/types/wallet.pb.go:651.4,652.21 2 0
selfchain/x/keyless/types/wallet.pb.go:652.21,654.5 1 0
selfchain/x/keyless/types/wallet.pb.go:655.4,655.21 1 0
selfchain/x/keyless/types/wallet.pb.go:655.21,657.5 1 0
selfchain/x/keyless/types/wallet.pb.go:658.4,658.26 1 0
selfchain/x/keyless/types/wallet.pb.go:658.26,660.5 1 0
selfchain/x/keyless/types/wallet.pb.go:661.4,661.113 1 0
selfchain/x/keyless/types/wallet.pb.go:661.113,663.5 1 0
selfchain/x/keyless/types/wallet.pb.go:664.4,664.21 1 0
selfchain/x/keyless/types/wallet.pb.go:665.10,666.21 1 0
selfchain/x/keyless/types/wallet.pb.go:666.21,668.5 1 0
selfchain/x/keyless/types/wallet.pb.go:669.4,670.39 2 0
selfchain/x/keyless/types/wallet.pb.go:670.39,671.20 1 0
selfchain/x/keyless/types/wallet.pb.go:671.20,673.6 1 0
selfchain/x/keyless/types/wallet.pb.go:674.5,674.19 1 0
selfchain/x/keyless/types/wallet.pb.go:674.19,676.6 1 0
selfchain/x/keyless/types/wallet.pb.go:677.5,680.17 4 0
selfchain/x/keyless/types/wallet.pb.go:680.17,681.11 1 0
selfchain/x/keyless/types/wallet.pb.go:684.4,684.18 1 0
selfchain/x/keyless/types/wallet.pb.go:684.18,686.5 1 0
selfchain/x/keyless/types/wallet.pb.go:687.4,688.21 2 0
selfchain/x/keyless/types/wallet.pb.go:688.21,690.5 1 0
selfchain/x/keyless/types/wallet.pb.go:691.4,691.21 1 0
selfchain/x/keyless/types/wallet.pb.go:691.21,693.5 1 0
selfchain/x/keyless/types/wallet.pb.go:694.4,694.25 1 0
selfchain/x/keyless/types/wallet.pb.go:694.25,696.5 1 0
selfchain/x/keyless/types/wallet.pb.go:697.4,699.26 3 0
selfchain/x/keyless/types/wallet.pb.go:699.26,702.40 3 0
selfchain/x/keyless/types/wallet.pb.go:702.40,703.21 1 0
selfchain/x/keyless/types/wallet.pb.go:703.21,705.7 1 0
selfchain/x/keyless/types/wallet.pb.go:706.6,706.20 1 0
selfchain/x/keyless/types/wallet.pb.go:706.20,708.7 1 0
selfchain/x/keyless/types/wallet.pb.go:709.6,712.18 4 0
selfchain/x/keyless/types/wallet.pb.go:712.18,713.12 1 0
selfchain/x/keyless/types/wallet.pb.go:716.5,717.22 2 0
selfchain/x/keyless/types/wallet.pb.go:717.22,719.41 2 0
selfchain/x/keyless/types/wallet.pb.go:719.41,720.22 1 0
selfchain/x/keyless/types/wallet.pb.go:720.22,722.8 1 0
selfchain/x/keyless/types/wallet.pb.go:723.7,723.21 1 0
selfchain/x/keyless/types/wallet.pb.go:723.21,725.8 1 0
selfchain/x/keyless/types/wallet.pb.go:726.7,729.19 4 0
selfchain/x/keyless/types/wallet.pb.go:729.19,730.13 1 0
selfchain/x/keyless/types/wallet.pb.go:733.6,734.32 2 0
selfchain/x/keyless/types/wallet.pb.go:734.32,736.7 1 0
selfchain/x/keyless/types/wallet.pb.go:737.6,738.35 2 0
selfchain/x/keyless/types/wallet.pb.go:738.35,740.7 1 0
selfchain/x/keyless/types/wallet.pb.go:741.6,741.35 1 0
selfchain/x/keyless/types/wallet.pb.go:741.35,743.7 1 0
selfchain/x/keyless/types/wallet.pb.go:744.6,745.35 2 0
selfchain/x/keyless/types/wallet.pb.go:746.11,746.29 1 0
selfchain/x/keyless/types/wallet.pb.go:746.29,748.41 2 0
selfchain/x/keyless/types/wallet.pb.go:748.41,749.22 1 0
selfchain/x/keyless/types/wallet.pb.go:749.22,751.8 1 0
selfchain/x/keyless/types/wallet.pb.go:752.7,752.21 1 0
selfchain/x/keyless/types/wallet.pb.go:752.21,754.8 1 0
selfchain/x/keyless/types/wallet.pb.go:755.7,758.19 4 0
selfchain/x/keyless/types/wallet.pb.go:758.19,759.13 1 0
selfchain/x/keyless/types/wallet.pb.go:762.6,763.34 2 0
selfchain/x/keyless/types/wallet.pb.go:763.34,765.7 1 0
selfchain/x/keyless/types/wallet.pb.go:766.6,767.37 2 0
selfchain/x/keyless/types/wallet.pb.go:767.37,769.7 1 0
selfchain/x/keyless/types/wallet.pb.go:770.6,770.37 1 0
selfchain/x/keyless/types/wallet.pb.go:770.37,772.7 1 0
selfchain/x/keyless/types/wallet.pb.go:773.6,774.37 2 0
selfchain/x/keyless/types/wallet.pb.go:775.11,778.20 3 0
selfchain/x/keyless/types/wallet.pb.go:778.20,780.7 1 0
selfchain/x/keyless/types/wallet.pb.go:781.6,781.44 1 0
selfchain/x/keyless/types/wallet.pb.go:781.44,783.7 1 0
selfchain/x/keyless/types/wallet.pb.go:784.6,784.38 1 0
selfchain/x/keyless/types/wallet.pb.go:784.38,786.7 1 0
selfchain/x/keyless/types/wallet.pb.go:787.6,787.21 1 0
selfchain/x/keyless/types/wallet.pb.go:790.4,791.21 2 0
selfchain/x/keyless/types/wallet.pb.go:792.10,793.21 1 0
selfchain/x/keyless/types/wallet.pb.go:793.21,795.5 1 0
selfchain/x/keyless/types/wallet.pb.go:796.4,797.39 2 0
selfchain/x/keyless/types/wallet.pb.go:797.39,798.20 1 0
selfchain/x/keyless/types/wallet.pb.go:798.20,800.6 1 0
selfchain/x/keyless/types/wallet.pb.go:801.5,801.19 1 0
selfchain/x/keyless/types/wallet.pb.go:801.19,803.6 1 0
selfchain/x/keyless/types/wallet.pb.go:804.5,807.17 4 0
selfchain/x/keyless/types/wallet.pb.go:807.17,808.11 1 0
selfchain/x/keyless/types/wallet.pb.go:811.11,812.21 1 0
selfchain/x/keyless/types/wallet.pb.go:812.21,814.5 1 0
selfchain/x/keyless/types/wallet.pb.go:815.4,816.39 2 0
selfchain/x/keyless/types/wallet.pb.go:816.39,817.20 1 0
selfchain/x/keyless/types/wallet.pb.go:817.20,819.6 1 0
selfchain/x/keyless/types/wallet.pb.go:820.5,820.19 1 0
selfchain/x/keyless/types/wallet.pb.go:820.19,822.6 1 0
selfchain/x/keyless/types/wallet.pb.go:823.5,826.17 4 0
selfchain/x/keyless/types/wallet.pb.go:826.17,827.11 1 0
selfchain/x/keyless/types/wallet.pb.go:830.11,831.21 1 0
selfchain/x/keyless/types/wallet.pb.go:831.21,833.5 1 0
selfchain/x/keyless/types/wallet.pb.go:834.4,835.39 2 0
selfchain/x/keyless/types/wallet.pb.go:835.39,836.20 1 0
selfchain/x/keyless/types/wallet.pb.go:836.20,838.6 1 0
selfchain/x/keyless/types/wallet.pb.go:839.5,839.19 1 0
selfchain/x/keyless/types/wallet.pb.go:839.19,841.6 1 0
selfchain/x/keyless/types/wallet.pb.go:842.5,845.17 4 0
selfchain/x/keyless/types/wallet.pb.go:845.17,846.11 1 0
selfchain/x/keyless/types/wallet.pb.go:849.11,850.21 1 0
selfchain/x/keyless/types/wallet.pb.go:850.21,852.5 1 0
selfchain/x/keyless/types/wallet.pb.go:853.4,854.39 2 0
selfchain/x/keyless/types/wallet.pb.go:854.39,855.20 1 0
selfchain/x/keyless/types/wallet.pb.go:855.20,857.6 1 0
selfchain/x/keyless/types/wallet.pb.go:858.5,858.19 1 0
selfchain/x/keyless/types/wallet.pb.go:858.19,860.6 1 0
selfchain/x/keyless/types/wallet.pb.go:861.5,864.17 4 0
selfchain/x/keyless/types/wallet.pb.go:864.17,865.11 1 0
selfchain/x/keyless/types/wallet.pb.go:868.4,869.24 2 0
selfchain/x/keyless/types/wallet.pb.go:869.24,871.5 1 0
selfchain/x/keyless/types/wallet.pb.go:872.4,873.21 2 0
selfchain/x/keyless/types/wallet.pb.go:873.21,875.5 1 0
selfchain/x/keyless/types/wallet.pb.go:876.4,876.21 1 0
selfchain/x/keyless/types/wallet.pb.go:876.21,878.5 1 0
selfchain/x/keyless/types/wallet.pb.go:879.4,880.21 2 0
selfchain/x/keyless/types/wallet.pb.go:881.11,882.21 1 0
selfchain/x/keyless/types/wallet.pb.go:882.21,884.5 1 0
selfchain/x/keyless/types/wallet.pb.go:885.4,886.39 2 0
selfchain/x/keyless/types/wallet.pb.go:886.39,887.20 1 0
selfchain/x/keyless/types/wallet.pb.go:887.20,889.6 1 0
selfchain/x/keyless/types/wallet.pb.go:890.5,890.19 1 0
selfchain/x/keyless/types/wallet.pb.go:890.19,892.6 1 0
selfchain/x/keyless/types/wallet.pb.go:893.5,896.17 4 0
selfchain/x/keyless/types/wallet.pb.go:896.17,897.11 1 0
selfchain/x/keyless/types/wallet.pb.go:900.4,901.24 2 0
selfchain/x/keyless/types/wallet.pb.go:901.24,903.5 1 0
selfchain/x/keyless/types/wallet.pb.go:904.4,905.21 2 0
selfchain/x/keyless/types/wallet.pb.go:905.21,907.5 1 0
selfchain/x/keyless/types/wallet.pb.go:908.4,908.21 1 0
selfchain/x/keyless/types/wallet.pb.go:908.21,910.5 1 0
selfchain/x/keyless/types/wallet.pb.go:911.4,912.21 2 0
selfchain/x/keyless/types/wallet.pb.go:913.11,916.18 3 0
selfchain/x/keyless/types/wallet.pb.go:916.18,918.5 1 0
selfchain/x/keyless/types/wallet.pb.go:919.4,919.42 1 0
selfchain/x/keyless/types/wallet.pb.go:919.42,921.5 1 0
selfchain/x/keyless/types/wallet.pb.go:922.4,922.28 1 0
selfchain/x/keyless/types/wallet.pb.go:922.28,924.5 1 0
selfchain/x/keyless/types/wallet.pb.go:925.4,925.19 1 0
selfchain/x/keyless/types/wallet.pb.go:929.2,929.15 1 0
selfchain/x/keyless/types/wallet.pb.go:929.15,931.3 1 0
selfchain/x/keyless/types/wallet.pb.go:932.2,932.12 1 0
selfchain/x/keyless/types/wallet.pb.go:934.49,938.16 4 0
selfchain/x/keyless/types/wallet.pb.go:938.16,940.38 2 0
selfchain/x/keyless/types/wallet.pb.go:940.38,941.19 1 0
selfchain/x/keyless/types/wallet.pb.go:941.19,943.5 1 0
selfchain/x/keyless/types/wallet.pb.go:944.4,944.18 1 0
selfchain/x/keyless/types/wallet.pb.go:944.18,946.5 1 0
selfchain/x/keyless/types/wallet.pb.go:947.4,950.16 4 0
selfchain/x/keyless/types/wallet.pb.go:950.16,951.10 1 0
selfchain/x/keyless/types/wallet.pb.go:954.3,955.19 2 0
selfchain/x/keyless/types/wallet.pb.go:956.10,957.39 1 0
selfchain/x/keyless/types/wallet.pb.go:957.39,958.20 1 0
selfchain/x/keyless/types/wallet.pb.go:958.20,960.6 1 0
selfchain/x/keyless/types/wallet.pb.go:961.5,961.19 1 0
selfchain/x/keyless/types/wallet.pb.go:961.19,963.6 1 0
selfchain/x/keyless/types/wallet.pb.go:964.5,965.29 2 0
selfchain/x/keyless/types/wallet.pb.go:965.29,966.11 1 0
selfchain/x/keyless/types/wallet.pb.go:969.10,970.14 1 0
selfchain/x/keyless/types/wallet.pb.go:971.10,973.39 2 0
selfchain/x/keyless/types/wallet.pb.go:973.39,974.20 1 0
selfchain/x/keyless/types/wallet.pb.go:974.20,976.6 1 0
selfchain/x/keyless/types/wallet.pb.go:977.5,977.19 1 0
selfchain/x/keyless/types/wallet.pb.go:977.19,979.6 1 0
selfchain/x/keyless/types/wallet.pb.go:980.5,983.17 4 0
selfchain/x/keyless/types/wallet.pb.go:983.17,984.11 1 0
selfchain/x/keyless/types/wallet.pb.go:987.4,987.18 1 0
selfchain/x/keyless/types/wallet.pb.go:987.18,989.5 1 0
selfchain/x/keyless/types/wallet.pb.go:990.4,990.19 1 0
selfchain/x/keyless/types/wallet.pb.go:991.10,992.11 1 0
selfchain/x/keyless/types/wallet.pb.go:993.10,994.18 1 0
selfchain/x/keyless/types/wallet.pb.go:994.18,996.5 1 0
selfchain/x/keyless/types/wallet.pb.go:997.4,997.11 1 0
selfchain/x/keyless/types/wallet.pb.go:998.10,999.14 1 0
selfchain/x/keyless/types/wallet.pb.go:1000.11,1001.64 1 0
selfchain/x/keyless/types/wallet.pb.go:1003.3,1003.16 1 0
selfchain/x/keyless/types/wallet.pb.go:1003.16,1005.4 1 0
selfchain/x/keyless/types/wallet.pb.go:1006.3,1006.17 1 0
selfchain/x/keyless/types/wallet.pb.go:1006.17,1008.4 1 0
selfchain/x/keyless/types/wallet.pb.go:1010.2,1010.31 1 0
selfchain/x/keyless/storage/storage.go:21.45,25.2 1 1
selfchain/x/keyless/storage/storage.go:28.102,31.16 3 0
selfchain/x/keyless/storage/storage.go:31.16,33.3 1 0
selfchain/x/keyless/storage/storage.go:34.2,35.12 2 0
selfchain/x/keyless/storage/storage.go:39.97,42.15 3 0
selfchain/x/keyless/storage/storage.go:42.15,44.3 1 0
selfchain/x/keyless/storage/storage.go:46.2,47.44 2 0
selfchain/x/keyless/storage/storage.go:47.44,49.3 1 0
selfchain/x/keyless/storage/storage.go:50.2,50.20 1 0
selfchain/x/keyless/storage/storage.go:54.69,57.2 2 0
selfchain/x/keyless/storage/storage.go:60.133,66.16 5 1
selfchain/x/keyless/storage/storage.go:66.16,68.3 1 0
selfchain/x/keyless/storage/storage.go:70.2,71.16 2 1
selfchain/x/keyless/storage/storage.go:71.16,73.3 1 0
selfchain/x/keyless/storage/storage.go:75.2,77.12 3 1
selfchain/x/keyless/storage/storage.go:81.139,89.46 6 1
selfchain/x/keyless/storage/storage.go:89.46,91.3 1 1
selfchain/x/keyless/storage/storage.go:93.2,94.65 2 1
selfchain/x/keyless/storage/storage.go:94.65,96.3 1 0
selfchain/x/keyless/storage/storage.go:97.2,97.65 1 1
selfchain/x/keyless/storage/storage.go:97.65,99.3 1 0
selfchain/x/keyless/storage/storage.go:101.2,101.38 1 1
selfchain/x/keyless/storage/storage.go:105.84,113.2 6 1
selfchain/x/keyless/tss/common.go:18.84,20.53 1 1
selfchain/x/keyless/tss/common.go:20.53,22.6 1 0
selfchain/x/keyless/tss/common.go:25.5,26.19 2 1
selfchain/x/keyless/tss/common.go:26.19,29.6 2 0
selfchain/x/keyless/tss/common.go:32.5,33.19 2 1
selfchain/x/keyless/tss/common.go:33.19,36.6 2 0
selfchain/x/keyless/tss/common.go:39.5,39.35 1 1
selfchain/x/keyless/tss/common.go:39.35,42.6 2 0
selfchain/x/keyless/tss/common.go:44.5,44.33 1 1
selfchain/x/keyless/tss/common.go:44.33,47.46 2 0
selfchain/x/keyless/tss/common.go:47.46,48.50 1 0
selfchain/x/keyless/tss/common.go:48.50,50.22 2 0
selfchain/x/keyless/tss/common.go:53.9,53.21 1 0
selfchain/x/keyless/tss/common.go:53.21,55.10 1 0
selfchain/x/keyless/tss/common.go:59.5,59.54 1 1
selfchain/x/keyless/tss/common.go:59.54,62.6 2 0
selfchain/x/keyless/tss/common.go:66.46,75.2 3 1
selfchain/x/keyless/tss/common.go:78.58,79.18 1 0
selfchain/x/keyless/tss/common.go:79.18,81.6 1 0
selfchain/x/keyless/tss/common.go:83.5,84.32 2 0
selfchain/x/keyless/tss/common.go:84.32,87.6 2 0
selfchain/x/keyless/tss/common.go:89.5,89.42 1 0
selfchain/x/keyless/tss/keygen.go:30.103,31.20 1 0
selfchain/x/keyless/tss/keygen.go:31.20,33.3 1 0
selfchain/x/keyless/tss/keygen.go:35.2,35.17 1 0
selfchain/x/keyless/tss/keygen.go:35.17,37.3 1 0
selfchain/x/keyless/tss/keygen.go:40.2,41.16 2 0
selfchain/x/keyless/tss/keygen.go:41.16,43.3 1 0
selfchain/x/keyless/tss/keygen.go:46.2,47.16 2 0
selfchain/x/keyless/tss/keygen.go:47.16,49.3 1 0
selfchain/x/keyless/tss/keygen.go:51.2,53.8 1 0
selfchain/x/keyless/tss/keygen.go:57.113,60.16 2 0
selfchain/x/keyless/tss/keygen.go:60.16,62.3 1 0
selfchain/x/keyless/tss/keygen.go:65.2,66.65 2 0
selfchain/x/keyless/tss/keygen.go:66.65,68.3 1 0
selfchain/x/keyless/tss/keygen.go:70.2,70.23 1 0
selfchain/x/keyless/tss/keygen.go:74.112,93.16 12 1
selfchain/x/keyless/tss/keygen.go:93.16,95.3 1 0
selfchain/x/keyless/tss/keygen.go:98.2,102.12 3 1
selfchain/x/keyless/tss/keygen.go:102.12,103.36 1 1
selfchain/x/keyless/tss/keygen.go:103.36,106.4 2 0
selfchain/x/keyless/tss/keygen.go:109.2,109.12 1 1
selfchain/x/keyless/tss/keygen.go:109.12,110.36 1 1
selfchain/x/keyless/tss/keygen.go:110.36,113.4 2 0
selfchain/x/keyless/tss/keygen.go:117.2,117.12 1 1
selfchain/x/keyless/tss/keygen.go:117.12,118.27 1 1
selfchain/x/keyless/tss/keygen.go:118.27,120.19 2 1
selfchain/x/keyless/tss/keygen.go:120.19,122.5 1 1
selfchain/x/keyless/tss/keygen.go:122.10,122.50 1 1
selfchain/x/keyless/tss/keygen.go:122.50,124.5 1 1
selfchain/x/keyless/tss/keygen.go:129.2,129.12 1 1
selfchain/x/keyless/tss/keygen.go:129.12,130.27 1 1
selfchain/x/keyless/tss/keygen.go:130.27,132.19 2 1
selfchain/x/keyless/tss/keygen.go:132.19,134.5 1 1
selfchain/x/keyless/tss/keygen.go:134.10,134.50 1 1
selfchain/x/keyless/tss/keygen.go:134.50,136.5 1 1
selfchain/x/keyless/tss/keygen.go:141.2,142.25 2 1
selfchain/x/keyless/tss/keygen.go:142.25,143.10 1 1
selfchain/x/keyless/tss/keygen.go:144.21,145.25 1 1
selfchain/x/keyless/tss/keygen.go:146.26,147.51 1 0
selfchain/x/keyless/tss/keygen.go:148.24,149.44 1 1
selfchain/x/keyless/tss/keygen.go:149.44,151.5 1 1
selfchain/x/keyless/tss/keygen.go:151.10,153.5 1 1
selfchain/x/keyless/tss/keygen.go:157.2,157.44 1 1
selfchain/x/keyless/tss/keygen.go:157.44,159.3 1 0
selfchain/x/keyless/tss/keygen.go:161.2,167.8 2 1
selfchain/x/keyless/tss/signing.go:22.123,51.12 17 1
selfchain/x/keyless/tss/signing.go:51.12,53.36 2 1
selfchain/x/keyless/tss/signing.go:53.36,55.4 1 0
selfchain/x/keyless/tss/signing.go:58.2,58.12 1 1
selfchain/x/keyless/tss/signing.go:58.12,60.36 2 1
selfchain/x/keyless/tss/signing.go:60.36,62.4 1 0
selfchain/x/keyless/tss/signing.go:66.2,66.12 1 1
selfchain/x/keyless/tss/signing.go:66.12,68.27 2 1
selfchain/x/keyless/tss/signing.go:68.27,70.19 2 1
selfchain/x/keyless/tss/signing.go:70.19,72.5 1 1
selfchain/x/keyless/tss/signing.go:72.10,73.29 1 1
selfchain/x/keyless/tss/signing.go:73.29,74.40 1 1
selfchain/x/keyless/tss/signing.go:74.40,76.12 2 1
selfchain/x/keyless/tss/signing.go:84.2,84.12 1 1
selfchain/x/keyless/tss/signing.go:84.12,86.27 2 1
selfchain/x/keyless/tss/signing.go:86.27,88.19 2 1
selfchain/x/keyless/tss/signing.go:88.19,90.5 1 1
selfchain/x/keyless/tss/signing.go:90.10,91.29 1 1
selfchain/x/keyless/tss/signing.go:91.29,92.40 1 1
selfchain/x/keyless/tss/signing.go:92.40,94.12 2 1
selfchain/x/keyless/tss/signing.go:102.2,103.12 2 1
selfchain/x/keyless/tss/signing.go:103.12,106.3 2 1
selfchain/x/keyless/tss/signing.go:108.2,108.9 1 1
selfchain/x/keyless/tss/signing.go:109.20,110.24 1 1
selfchain/x/keyless/tss/signing.go:111.24,112.18 1 0
selfchain/x/keyless/tss/signing.go:113.25,114.51 1 0
selfchain/x/keyless/tss/signing.go:115.23,117.10 1 1
selfchain/x/keyless/tss/signing.go:118.15,122.10 1 1
selfchain/x/keyless/tss/signing.go:123.21,124.25 1 0
selfchain/x/keyless/tss/test_helpers.go:10.73,15.31 4 0
selfchain/x/keyless/tss/test_helpers.go:15.31,17.6 1 0
selfchain/x/keyless/tss/test_helpers.go:19.5,23.11 1 0
selfchain/x/keyless/tss/test_helpers.go:34.38,36.2 1 0
