mode: set
selfchain/x/keyless/crypto/signing/format/format.go:18.68,19.16 1 1
selfchain/x/keyless/crypto/signing/format/format.go:19.16,21.3 1 1
selfchain/x/keyless/crypto/signing/format/format.go:23.2,37.21 9 1
selfchain/x/keyless/crypto/signing/format/format.go:37.21,39.3 1 0
selfchain/x/keyless/crypto/signing/format/format.go:41.2,41.20 1 1
selfchain/x/keyless/crypto/signing/format/format.go:45.66,46.16 1 1
selfchain/x/keyless/crypto/signing/format/format.go:46.16,48.3 1 1
selfchain/x/keyless/crypto/signing/format/format.go:50.2,62.20 8 1
selfchain/x/keyless/crypto/signing/format/format.go:66.67,67.20 1 1
selfchain/x/keyless/crypto/signing/format/format.go:67.20,69.3 1 1
selfchain/x/keyless/crypto/signing/format/format.go:71.2,81.8 4 1
selfchain/x/keyless/crypto/signing/format/format.go:85.65,86.20 1 1
selfchain/x/keyless/crypto/signing/format/format.go:86.20,88.3 1 1
selfchain/x/keyless/crypto/signing/format/format.go:90.2,97.8 3 1
selfchain/x/keyless/crypto/signing/format/format.go:101.66,102.18 1 1
selfchain/x/keyless/crypto/signing/format/format.go:102.18,104.3 1 1
selfchain/x/keyless/crypto/signing/format/format.go:107.2,108.45 2 1
selfchain/x/keyless/crypto/signing/format/format.go:108.45,110.3 1 1
selfchain/x/keyless/crypto/signing/format/format.go:112.2,113.16 2 1
selfchain/x/keyless/crypto/signing/format/format.go:113.16,115.3 1 1
selfchain/x/keyless/crypto/signing/format/format.go:117.2,121.8 1 1
selfchain/x/keyless/crypto/signing/format/format.go:125.68,128.18 1 1
selfchain/x/keyless/crypto/signing/format/format.go:128.18,130.3 1 1
selfchain/x/keyless/crypto/signing/format/format.go:133.2,133.20 1 1
selfchain/x/keyless/crypto/signing/format/format.go:133.20,135.3 1 1
selfchain/x/keyless/crypto/signing/format/format.go:138.2,140.28 3 1
selfchain/x/keyless/crypto/signing/format/format.go:140.28,142.3 1 1
selfchain/x/keyless/crypto/signing/format/format.go:143.2,147.25 3 1
selfchain/x/keyless/crypto/signing/format/format.go:147.25,149.3 1 0
selfchain/x/keyless/crypto/signing/format/format.go:150.2,151.28 2 1
selfchain/x/keyless/crypto/signing/format/format.go:151.28,153.3 1 1
selfchain/x/keyless/crypto/signing/format/format.go:154.2,156.18 2 1
selfchain/x/keyless/crypto/signing/format/format.go:160.63,161.16 1 1
selfchain/x/keyless/crypto/signing/format/format.go:161.16,163.3 1 1
selfchain/x/keyless/crypto/signing/format/format.go:166.2,172.28 5 1
selfchain/x/keyless/crypto/signing/format/format.go:172.28,174.3 1 1
selfchain/x/keyless/crypto/signing/format/format.go:175.2,175.28 1 1
selfchain/x/keyless/crypto/signing/format/format.go:175.28,177.3 1 1
selfchain/x/keyless/crypto/signing/format/format.go:181.2,198.28 12 1
selfchain/x/keyless/crypto/signing/format/format.go:198.28,201.3 2 1
selfchain/x/keyless/crypto/signing/format/format.go:202.2,210.28 7 1
selfchain/x/keyless/crypto/signing/format/format.go:210.28,213.3 2 1
selfchain/x/keyless/crypto/signing/format/format.go:214.2,216.17 2 1
